TpTrace Verbose: 0 : 10792, 1, 2024/12/02, 15:07:30.871, 5269936874224, vstest.console.dll, Version: 17.10.0-release-24203-04 Current process architecture: X64
TpTrace Verbose: 0 : 10792, 1, 2024/12/02, 15:07:30.875, 5269936914059, vstest.console.dll, Runtime location: C:\Program Files\dotnet\shared\Microsoft.NETCore.App\8.0.5
TpTrace Verbose: 0 : 10792, 1, 2024/12/02, 15:07:30.877, 5269936936580, vstest.console.dll, ArtifactProcessingPostProcessModeProcessorExecutor.Initialize: ArtifactProcessingMode.Collect
TpTrace Verbose: 0 : 10792, 1, 2024/12/02, 15:07:30.878, 5269936938589, vstest.console.dll, TestSessionCorrelationIdProcessorModeProcessorExecutor.Initialize: TestSessionCorrelationId '15288_3ab624e8-2163-43ce-a383-bc6add42a8ee'
TpTrace Information: 0 : 10792, 1, 2024/12/02, 15:07:30.895, 5269937110049, vstest.console.dll, FilePatternParser: The given file C:\Users\User\Desktop\CleanArchitecture\Test\bin\Debug\net8.0\fine-code-coverage\build-output\Test.dll is a full path.
TpTrace Verbose: 0 : 10792, 1, 2024/12/02, 15:07:30.900, 5269937157830, vstest.console.dll, TestPluginCache.DiscoverTestExtensions: finding test extensions in assemblies ends with: RuntimeProvider.dll TPluginInfo: Microsoft.VisualStudio.TestPlatform.Common.ExtensionFramework.Utilities.TestRuntimePluginInformation TExtension: Microsoft.VisualStudio.TestPlatform.ObjectModel.Host.ITestRuntimeProvider
TpTrace Verbose: 0 : 10792, 1, 2024/12/02, 15:07:30.900, 5269937162060, vstest.console.dll, TestPluginCache.GetExtensionPaths: Filtered extension paths: 
TpTrace Verbose: 0 : 10792, 1, 2024/12/02, 15:07:30.900, 5269937163457, vstest.console.dll, TestPluginCache.GetExtensionPaths: Added default extension paths: C:\Program Files\dotnet\sdk\8.0.300\Extensions\Microsoft.Diagnostics.NETCore.Client.dll
C:\Program Files\dotnet\sdk\8.0.300\Extensions\Microsoft.TestPlatform.Extensions.BlameDataCollector.dll
C:\Program Files\dotnet\sdk\8.0.300\Extensions\Microsoft.TestPlatform.Extensions.EventLogCollector.dll
C:\Program Files\dotnet\sdk\8.0.300\Extensions\Microsoft.TestPlatform.TestHostRuntimeProvider.dll
C:\Program Files\dotnet\sdk\8.0.300\Extensions\Microsoft.VisualStudio.TestPlatform.Extensions.Html.TestLogger.dll
C:\Program Files\dotnet\sdk\8.0.300\Extensions\Microsoft.VisualStudio.TestPlatform.Extensions.Trx.TestLogger.dll
TpTrace Verbose: 0 : 10792, 1, 2024/12/02, 15:07:30.900, 5269937163797, vstest.console.dll, TestPluginCache.GetExtensionPaths: Added unfilterableExtensionPaths: 
TpTrace Information: 0 : 10792, 1, 2024/12/02, 15:07:30.901, 5269937170837, vstest.console.dll, AssemblyResolver.ctor: Creating AssemblyResolver with searchDirectories C:\Program Files\dotnet\sdk\8.0.300\Extensions,C:\Program Files\dotnet\sdk\8.0.300
TpTrace Verbose: 0 : 10792, 1, 2024/12/02, 15:07:30.902, 5269937184849, vstest.console.dll, TestPluginCache.DiscoverTestExtensions: Discovering the extensions using extension path.
TpTrace Verbose: 0 : 10792, 1, 2024/12/02, 15:07:30.902, 5269937186896, vstest.console.dll, TestPluginCache.GetExtensionPaths: Filtered extension paths: 
TpTrace Verbose: 0 : 10792, 1, 2024/12/02, 15:07:30.903, 5269937187366, vstest.console.dll, TestPluginCache.GetExtensionPaths: Added default extension paths: C:\Program Files\dotnet\sdk\8.0.300\Extensions\Microsoft.Diagnostics.NETCore.Client.dll
C:\Program Files\dotnet\sdk\8.0.300\Extensions\Microsoft.TestPlatform.Extensions.BlameDataCollector.dll
C:\Program Files\dotnet\sdk\8.0.300\Extensions\Microsoft.TestPlatform.Extensions.EventLogCollector.dll
C:\Program Files\dotnet\sdk\8.0.300\Extensions\Microsoft.TestPlatform.TestHostRuntimeProvider.dll
C:\Program Files\dotnet\sdk\8.0.300\Extensions\Microsoft.VisualStudio.TestPlatform.Extensions.Html.TestLogger.dll
C:\Program Files\dotnet\sdk\8.0.300\Extensions\Microsoft.VisualStudio.TestPlatform.Extensions.Trx.TestLogger.dll
TpTrace Verbose: 0 : 10792, 1, 2024/12/02, 15:07:30.903, 5269937187654, vstest.console.dll, TestPluginCache.GetExtensionPaths: Added unfilterableExtensionPaths: 
TpTrace Verbose: 0 : 10792, 1, 2024/12/02, 15:07:30.903, 5269937188360, vstest.console.dll, TestPluginCache.DiscoverTestExtensions: Discovering the extensions using allExtensionPaths: C:\Program Files\dotnet\sdk\8.0.300\Extensions\Microsoft.Diagnostics.NETCore.Client.dll
C:\Program Files\dotnet\sdk\8.0.300\Extensions\Microsoft.TestPlatform.Extensions.BlameDataCollector.dll
C:\Program Files\dotnet\sdk\8.0.300\Extensions\Microsoft.TestPlatform.Extensions.EventLogCollector.dll
C:\Program Files\dotnet\sdk\8.0.300\Extensions\Microsoft.TestPlatform.TestHostRuntimeProvider.dll
C:\Program Files\dotnet\sdk\8.0.300\Extensions\Microsoft.VisualStudio.TestPlatform.Extensions.Html.TestLogger.dll
C:\Program Files\dotnet\sdk\8.0.300\Extensions\Microsoft.VisualStudio.TestPlatform.Extensions.Trx.TestLogger.dll
TpTrace Information: 0 : 10792, 1, 2024/12/02, 15:07:30.903, 5269937190242, vstest.console.dll, AssemblyResolver.AddSearchDirectories: Adding more searchDirectories C:\Program Files\dotnet\sdk\8.0.300\Extensions,C:\Program Files\dotnet\sdk\8.0.300
TpTrace Information: 0 : 10792, 1, 2024/12/02, 15:07:30.903, 5269937190920, vstest.console.dll, AssemblyResolver.AddSearchDirectories: Adding more searchDirectories C:\Program Files\dotnet\sdk\8.0.300\Extensions,C:\Program Files\dotnet\sdk\8.0.300
TpTrace Information: 0 : 10792, 1, 2024/12/02, 15:07:30.903, 5269937191244, vstest.console.dll, AssemblyResolver.AddSearchDirectories: Adding more searchDirectories C:\Program Files\dotnet\sdk\8.0.300\Extensions,C:\Program Files\dotnet\sdk\8.0.300
TpTrace Information: 0 : 10792, 1, 2024/12/02, 15:07:30.903, 5269937191529, vstest.console.dll, AssemblyResolver.AddSearchDirectories: Adding more searchDirectories C:\Program Files\dotnet\sdk\8.0.300\Extensions,C:\Program Files\dotnet\sdk\8.0.300
TpTrace Information: 0 : 10792, 1, 2024/12/02, 15:07:30.903, 5269937191854, vstest.console.dll, AssemblyResolver.AddSearchDirectories: Adding more searchDirectories C:\Program Files\dotnet\sdk\8.0.300\Extensions,C:\Program Files\dotnet\sdk\8.0.300
TpTrace Information: 0 : 10792, 1, 2024/12/02, 15:07:30.903, 5269937192145, vstest.console.dll, AssemblyResolver.AddSearchDirectories: Adding more searchDirectories C:\Program Files\dotnet\sdk\8.0.300\Extensions,C:\Program Files\dotnet\sdk\8.0.300
TpTrace Information: 0 : 10792, 1, 2024/12/02, 15:07:30.904, 5269937198008, vstest.console.dll, AssemblyResolver.OnResolve: Microsoft.Diagnostics.NETCore.Client: Resolving assembly.
TpTrace Information: 0 : 10792, 1, 2024/12/02, 15:07:30.904, 5269937199261, vstest.console.dll, AssemblyResolver.OnResolve: Microsoft.Diagnostics.NETCore.Client: Searching in: 'C:\Program Files\dotnet\sdk\8.0.300\Extensions'.
TpTrace Information: 0 : 10792, 1, 2024/12/02, 15:07:30.911, 5269937274695, vstest.console.dll, AssemblyResolver.OnResolve: Microsoft.Diagnostics.NETCore.Client: Loading assembly 'C:\Program Files\dotnet\sdk\8.0.300\Extensions\Microsoft.Diagnostics.NETCore.Client.dll'.
TpTrace Information: 0 : 10792, 1, 2024/12/02, 15:07:30.912, 5269937281309, vstest.console.dll, AssemblyResolver.OnResolve: Resolved assembly: Microsoft.Diagnostics.NETCore.Client, from path: C:\Program Files\dotnet\sdk\8.0.300\Extensions\Microsoft.Diagnostics.NETCore.Client.dll
TpTrace Verbose: 0 : 10792, 1, 2024/12/02, 15:07:30.917, 5269937334281, vstest.console.dll, MetadataReaderExtensionsHelper: Discovering extensions inside assembly 'Microsoft.Diagnostics.NETCore.Client, Version=0.2.10.15101, Culture=neutral, PublicKeyToken=31bf3856ad364e35' file path 'C:\Program Files\dotnet\sdk\8.0.300\Extensions\Microsoft.Diagnostics.NETCore.Client.dll'
TpTrace Information: 0 : 10792, 1, 2024/12/02, 15:07:30.922, 5269937384142, vstest.console.dll, AssemblyResolver.OnResolve: Microsoft.Bcl.AsyncInterfaces: Resolving assembly.
TpTrace Information: 0 : 10792, 1, 2024/12/02, 15:07:30.922, 5269937385647, vstest.console.dll, AssemblyResolver.OnResolve: Microsoft.Bcl.AsyncInterfaces: Searching in: 'C:\Program Files\dotnet\sdk\8.0.300\Extensions'.
TpTrace Information: 0 : 10792, 1, 2024/12/02, 15:07:30.922, 5269937386729, vstest.console.dll, AssemblyResolver.OnResolve: Microsoft.Bcl.AsyncInterfaces: Assembly path does not exist: 'C:\Program Files\dotnet\sdk\8.0.300\Extensions\Microsoft.Bcl.AsyncInterfaces.dll', returning.
TpTrace Information: 0 : 10792, 1, 2024/12/02, 15:07:30.923, 5269937387930, vstest.console.dll, AssemblyResolver.OnResolve: Microsoft.Bcl.AsyncInterfaces: Assembly path does not exist: 'C:\Program Files\dotnet\sdk\8.0.300\Extensions\Microsoft.Bcl.AsyncInterfaces.exe', returning.
TpTrace Information: 0 : 10792, 1, 2024/12/02, 15:07:30.923, 5269937388288, vstest.console.dll, AssemblyResolver.OnResolve: Microsoft.Bcl.AsyncInterfaces: Searching in: 'C:\Program Files\dotnet\sdk\8.0.300'.
TpTrace Information: 0 : 10792, 1, 2024/12/02, 15:07:30.923, 5269937388892, vstest.console.dll, AssemblyResolver.OnResolve: Microsoft.Bcl.AsyncInterfaces: Assembly path does not exist: 'C:\Program Files\dotnet\sdk\8.0.300\Microsoft.Bcl.AsyncInterfaces.dll', returning.
TpTrace Information: 0 : 10792, 1, 2024/12/02, 15:07:30.923, 5269937389439, vstest.console.dll, AssemblyResolver.OnResolve: Microsoft.Bcl.AsyncInterfaces: Assembly path does not exist: 'C:\Program Files\dotnet\sdk\8.0.300\Microsoft.Bcl.AsyncInterfaces.exe', returning.
TpTrace Information: 0 : 10792, 1, 2024/12/02, 15:07:30.923, 5269937389836, vstest.console.dll, AssemblyResolver.OnResolve: Microsoft.Bcl.AsyncInterfaces: Failed to load assembly.
TpTrace Verbose: 0 : 10792, 1, 2024/12/02, 15:07:30.923, 5269937390264, vstest.console.dll, CurrentDomainAssemblyResolve: Resolving assembly 'Microsoft.Bcl.AsyncInterfaces'.
TpTrace Information: 0 : 10792, 1, 2024/12/02, 15:07:30.923, 5269937391024, vstest.console.dll, AssemblyResolver.OnResolve: Microsoft.Bcl.AsyncInterfaces: Resolving assembly.
TpTrace Information: 0 : 10792, 1, 2024/12/02, 15:07:30.923, 5269937391496, vstest.console.dll, AssemblyResolver.OnResolve: Microsoft.Bcl.AsyncInterfaces: Resolved from cache.
TpTrace Verbose: 0 : 10792, 1, 2024/12/02, 15:07:30.923, 5269937391771, vstest.console.dll, CurrentDomainAssemblyResolve: Resolving assembly 'Microsoft.Bcl.AsyncInterfaces'.
TpTrace Verbose: 0 : 10792, 1, 2024/12/02, 15:07:30.923, 5269937392134, vstest.console.dll, CurrentDomainAssemblyResolve: Failed to resolve assembly 'Microsoft.Bcl.AsyncInterfaces'.
TpTrace Verbose: 0 : 10792, 1, 2024/12/02, 15:07:30.924, 5269937399399, vstest.console.dll, CurrentDomainAssemblyResolve: Failed to resolve assembly 'Microsoft.Bcl.AsyncInterfaces'.
TpTrace Warning: 0 : 10792, 1, 2024/12/02, 15:07:30.935, 5269937510219, vstest.console.dll, TestPluginDiscoverer: Failed to get types from assembly 'Microsoft.Diagnostics.NETCore.Client, Version=0.2.10.15101, Culture=neutral, PublicKeyToken=31bf3856ad364e35'. Error: System.Reflection.ReflectionTypeLoadException: Unable to load one or more of the requested types.
Could not load file or assembly 'Microsoft.Bcl.AsyncInterfaces, Version=6.0.0.0, Culture=neutral, PublicKeyToken=cc7b13ffcd2ddd51'. Det går inte att hitta filen.
   at System.Reflection.RuntimeModule.GetTypes(RuntimeModule module)
   at System.Reflection.RuntimeModule.GetTypes()
   at Microsoft.VisualStudio.TestPlatform.Common.ExtensionFramework.TestPluginDiscoverer.GetTestExtensionsFromAssembly[TPluginInfo,TExtension](Assembly assembly, Dictionary`2 pluginInfos, String filePath) in /_/src/Microsoft.TestPlatform.Common/ExtensionFramework/TestPluginDiscoverer.cs:line 158
System.IO.FileNotFoundException: Could not load file or assembly 'Microsoft.Bcl.AsyncInterfaces, Version=6.0.0.0, Culture=neutral, PublicKeyToken=cc7b13ffcd2ddd51'. Det går inte att hitta filen.
File name: 'Microsoft.Bcl.AsyncInterfaces, Version=6.0.0.0, Culture=neutral, PublicKeyToken=cc7b13ffcd2ddd51'
 ---> System.IO.FileNotFoundException: Could not load file or assembly 'Microsoft.Bcl.AsyncInterfaces, Culture=neutral, PublicKeyToken=null'. Det går inte att hitta filen.
File name: 'Microsoft.Bcl.AsyncInterfaces, Culture=neutral, PublicKeyToken=null'
   at System.Reflection.RuntimeAssembly.InternalLoad(AssemblyName assemblyName, StackCrawlMark& stackMark, AssemblyLoadContext assemblyLoadContext, RuntimeAssembly requestingAssembly, Boolean throwOnFileNotFound)
   at System.Reflection.Assembly.Load(AssemblyName assemblyRef)
   at Microsoft.VisualStudio.TestPlatform.Common.ExtensionFramework.TestPluginCache.CurrentDomainAssemblyResolve(Object sender, AssemblyResolveEventArgs args) in /_/src/Microsoft.TestPlatform.Common/ExtensionFramework/TestPluginCache.cs:line 513
   at System.Runtime.Loader.AssemblyLoadContext.GetFirstResolvedAssemblyFromResolvingEvent(AssemblyName assemblyName)
   at System.Runtime.Loader.AssemblyLoadContext.ResolveUsingEvent(AssemblyName assemblyName)
   at System.Runtime.Loader.AssemblyLoadContext.ResolveUsingResolvingEvent(IntPtr gchManagedAssemblyLoadContext, AssemblyName assemblyName)
TpTrace Warning: 0 : 10792, 1, 2024/12/02, 15:07:30.935, 5269937514779, vstest.console.dll, LoaderExceptions: System.IO.FileNotFoundException: Could not load file or assembly 'Microsoft.Bcl.AsyncInterfaces, Version=6.0.0.0, Culture=neutral, PublicKeyToken=cc7b13ffcd2ddd51'. Det går inte att hitta filen.
File name: 'Microsoft.Bcl.AsyncInterfaces, Version=6.0.0.0, Culture=neutral, PublicKeyToken=cc7b13ffcd2ddd51'
 ---> System.IO.FileNotFoundException: Could not load file or assembly 'Microsoft.Bcl.AsyncInterfaces, Culture=neutral, PublicKeyToken=null'. Det går inte att hitta filen.
File name: 'Microsoft.Bcl.AsyncInterfaces, Culture=neutral, PublicKeyToken=null'
   at System.Reflection.RuntimeAssembly.InternalLoad(AssemblyName assemblyName, StackCrawlMark& stackMark, AssemblyLoadContext assemblyLoadContext, RuntimeAssembly requestingAssembly, Boolean throwOnFileNotFound)
   at System.Reflection.Assembly.Load(AssemblyName assemblyRef)
   at Microsoft.VisualStudio.TestPlatform.Common.ExtensionFramework.TestPluginCache.CurrentDomainAssemblyResolve(Object sender, AssemblyResolveEventArgs args) in /_/src/Microsoft.TestPlatform.Common/ExtensionFramework/TestPluginCache.cs:line 513
   at System.Runtime.Loader.AssemblyLoadContext.GetFirstResolvedAssemblyFromResolvingEvent(AssemblyName assemblyName)
   at System.Runtime.Loader.AssemblyLoadContext.ResolveUsingEvent(AssemblyName assemblyName)
   at System.Runtime.Loader.AssemblyLoadContext.ResolveUsingResolvingEvent(IntPtr gchManagedAssemblyLoadContext, AssemblyName assemblyName)
TpTrace Information: 0 : 10792, 1, 2024/12/02, 15:07:30.935, 5269937516480, vstest.console.dll, AssemblyResolver.OnResolve: Microsoft.TestPlatform.Extensions.BlameDataCollector: Resolving assembly.
TpTrace Information: 0 : 10792, 1, 2024/12/02, 15:07:30.936, 5269937517090, vstest.console.dll, AssemblyResolver.OnResolve: Microsoft.TestPlatform.Extensions.BlameDataCollector: Searching in: 'C:\Program Files\dotnet\sdk\8.0.300\Extensions'.
TpTrace Information: 0 : 10792, 1, 2024/12/02, 15:07:30.936, 5269937520967, vstest.console.dll, AssemblyResolver.OnResolve: Microsoft.TestPlatform.Extensions.BlameDataCollector: Loading assembly 'C:\Program Files\dotnet\sdk\8.0.300\Extensions\Microsoft.TestPlatform.Extensions.BlameDataCollector.dll'.
TpTrace Information: 0 : 10792, 1, 2024/12/02, 15:07:30.936, 5269937525768, vstest.console.dll, AssemblyResolver.OnResolve: Resolved assembly: Microsoft.TestPlatform.Extensions.BlameDataCollector, from path: C:\Program Files\dotnet\sdk\8.0.300\Extensions\Microsoft.TestPlatform.Extensions.BlameDataCollector.dll
TpTrace Verbose: 0 : 10792, 1, 2024/12/02, 15:07:30.936, 5269937526687, vstest.console.dll, MetadataReaderExtensionsHelper: Discovering extensions inside assembly 'Microsoft.TestPlatform.Extensions.BlameDataCollector, Version=15.0.0.0, Culture=neutral, PublicKeyToken=b03f5f7f11d50a3a' file path 'C:\Program Files\dotnet\sdk\8.0.300\Extensions\Microsoft.TestPlatform.Extensions.BlameDataCollector.dll'
TpTrace Information: 0 : 10792, 1, 2024/12/02, 15:07:30.938, 5269937541421, vstest.console.dll, AssemblyResolver.OnResolve: Microsoft.TestPlatform.Extensions.EventLogCollector: Resolving assembly.
TpTrace Information: 0 : 10792, 1, 2024/12/02, 15:07:30.938, 5269937542742, vstest.console.dll, AssemblyResolver.OnResolve: Microsoft.TestPlatform.Extensions.EventLogCollector: Searching in: 'C:\Program Files\dotnet\sdk\8.0.300\Extensions'.
TpTrace Information: 0 : 10792, 1, 2024/12/02, 15:07:30.938, 5269937546733, vstest.console.dll, AssemblyResolver.OnResolve: Microsoft.TestPlatform.Extensions.EventLogCollector: Loading assembly 'C:\Program Files\dotnet\sdk\8.0.300\Extensions\Microsoft.TestPlatform.Extensions.EventLogCollector.dll'.
TpTrace Information: 0 : 10792, 1, 2024/12/02, 15:07:30.939, 5269937550628, vstest.console.dll, AssemblyResolver.OnResolve: Resolved assembly: Microsoft.TestPlatform.Extensions.EventLogCollector, from path: C:\Program Files\dotnet\sdk\8.0.300\Extensions\Microsoft.TestPlatform.Extensions.EventLogCollector.dll
TpTrace Verbose: 0 : 10792, 1, 2024/12/02, 15:07:30.939, 5269937551412, vstest.console.dll, MetadataReaderExtensionsHelper: Discovering extensions inside assembly 'Microsoft.TestPlatform.Extensions.EventLogCollector, Version=15.0.0.0, Culture=neutral, PublicKeyToken=b03f5f7f11d50a3a' file path 'C:\Program Files\dotnet\sdk\8.0.300\Extensions\Microsoft.TestPlatform.Extensions.EventLogCollector.dll'
TpTrace Information: 0 : 10792, 1, 2024/12/02, 15:07:30.941, 5269937570806, vstest.console.dll, AssemblyResolver.OnResolve: Microsoft.TestPlatform.TestHostRuntimeProvider: Resolving assembly.
TpTrace Information: 0 : 10792, 1, 2024/12/02, 15:07:30.941, 5269937572126, vstest.console.dll, AssemblyResolver.OnResolve: Microsoft.TestPlatform.TestHostRuntimeProvider: Searching in: 'C:\Program Files\dotnet\sdk\8.0.300\Extensions'.
TpTrace Information: 0 : 10792, 1, 2024/12/02, 15:07:30.941, 5269937575365, vstest.console.dll, AssemblyResolver.OnResolve: Microsoft.TestPlatform.TestHostRuntimeProvider: Loading assembly 'C:\Program Files\dotnet\sdk\8.0.300\Extensions\Microsoft.TestPlatform.TestHostRuntimeProvider.dll'.
TpTrace Information: 0 : 10792, 1, 2024/12/02, 15:07:30.942, 5269937579614, vstest.console.dll, AssemblyResolver.OnResolve: Resolved assembly: Microsoft.TestPlatform.TestHostRuntimeProvider, from path: C:\Program Files\dotnet\sdk\8.0.300\Extensions\Microsoft.TestPlatform.TestHostRuntimeProvider.dll
TpTrace Verbose: 0 : 10792, 1, 2024/12/02, 15:07:30.942, 5269937580362, vstest.console.dll, MetadataReaderExtensionsHelper: Discovering extensions inside assembly 'Microsoft.TestPlatform.TestHostRuntimeProvider, Version=15.0.0.0, Culture=neutral, PublicKeyToken=b03f5f7f11d50a3a' file path 'C:\Program Files\dotnet\sdk\8.0.300\Extensions\Microsoft.TestPlatform.TestHostRuntimeProvider.dll'
TpTrace Information: 0 : 10792, 1, 2024/12/02, 15:07:30.944, 5269937597188, vstest.console.dll, GetTestExtensionFromType: Register extension with identifier data 'HostProvider://DefaultTestHost' and type 'Microsoft.VisualStudio.TestPlatform.CrossPlatEngine.Hosting.DefaultTestHostManager, Microsoft.TestPlatform.TestHostRuntimeProvider, Version=15.0.0.0, Culture=neutral, PublicKeyToken=b03f5f7f11d50a3a' inside file 'C:\Program Files\dotnet\sdk\8.0.300\Extensions\Microsoft.TestPlatform.TestHostRuntimeProvider.dll'
TpTrace Information: 0 : 10792, 1, 2024/12/02, 15:07:30.944, 5269937601831, vstest.console.dll, GetTestExtensionFromType: Register extension with identifier data 'HostProvider://DotnetTestHost' and type 'Microsoft.VisualStudio.TestPlatform.CrossPlatEngine.Hosting.DotnetTestHostManager, Microsoft.TestPlatform.TestHostRuntimeProvider, Version=15.0.0.0, Culture=neutral, PublicKeyToken=b03f5f7f11d50a3a' inside file 'C:\Program Files\dotnet\sdk\8.0.300\Extensions\Microsoft.TestPlatform.TestHostRuntimeProvider.dll'
TpTrace Information: 0 : 10792, 1, 2024/12/02, 15:07:30.944, 5269937603303, vstest.console.dll, AssemblyResolver.OnResolve: Microsoft.VisualStudio.TestPlatform.Extensions.Html.TestLogger: Resolving assembly.
TpTrace Information: 0 : 10792, 1, 2024/12/02, 15:07:30.944, 5269937603884, vstest.console.dll, AssemblyResolver.OnResolve: Microsoft.VisualStudio.TestPlatform.Extensions.Html.TestLogger: Searching in: 'C:\Program Files\dotnet\sdk\8.0.300\Extensions'.
TpTrace Information: 0 : 10792, 1, 2024/12/02, 15:07:30.945, 5269937607722, vstest.console.dll, AssemblyResolver.OnResolve: Microsoft.VisualStudio.TestPlatform.Extensions.Html.TestLogger: Loading assembly 'C:\Program Files\dotnet\sdk\8.0.300\Extensions\Microsoft.VisualStudio.TestPlatform.Extensions.Html.TestLogger.dll'.
TpTrace Information: 0 : 10792, 1, 2024/12/02, 15:07:30.945, 5269937612167, vstest.console.dll, AssemblyResolver.OnResolve: Resolved assembly: Microsoft.VisualStudio.TestPlatform.Extensions.Html.TestLogger, from path: C:\Program Files\dotnet\sdk\8.0.300\Extensions\Microsoft.VisualStudio.TestPlatform.Extensions.Html.TestLogger.dll
TpTrace Verbose: 0 : 10792, 1, 2024/12/02, 15:07:30.945, 5269937613102, vstest.console.dll, MetadataReaderExtensionsHelper: Discovering extensions inside assembly 'Microsoft.VisualStudio.TestPlatform.Extensions.Html.TestLogger, Version=15.0.0.0, Culture=neutral, PublicKeyToken=b03f5f7f11d50a3a' file path 'C:\Program Files\dotnet\sdk\8.0.300\Extensions\Microsoft.VisualStudio.TestPlatform.Extensions.Html.TestLogger.dll'
TpTrace Information: 0 : 10792, 1, 2024/12/02, 15:07:30.946, 5269937622734, vstest.console.dll, AssemblyResolver.OnResolve: Microsoft.VisualStudio.TestPlatform.Extensions.Trx.TestLogger: Resolving assembly.
TpTrace Information: 0 : 10792, 1, 2024/12/02, 15:07:30.946, 5269937624073, vstest.console.dll, AssemblyResolver.OnResolve: Microsoft.VisualStudio.TestPlatform.Extensions.Trx.TestLogger: Searching in: 'C:\Program Files\dotnet\sdk\8.0.300\Extensions'.
TpTrace Information: 0 : 10792, 1, 2024/12/02, 15:07:30.947, 5269937627562, vstest.console.dll, AssemblyResolver.OnResolve: Microsoft.VisualStudio.TestPlatform.Extensions.Trx.TestLogger: Loading assembly 'C:\Program Files\dotnet\sdk\8.0.300\Extensions\Microsoft.VisualStudio.TestPlatform.Extensions.Trx.TestLogger.dll'.
TpTrace Information: 0 : 10792, 1, 2024/12/02, 15:07:30.947, 5269937632279, vstest.console.dll, AssemblyResolver.OnResolve: Resolved assembly: Microsoft.VisualStudio.TestPlatform.Extensions.Trx.TestLogger, from path: C:\Program Files\dotnet\sdk\8.0.300\Extensions\Microsoft.VisualStudio.TestPlatform.Extensions.Trx.TestLogger.dll
TpTrace Verbose: 0 : 10792, 1, 2024/12/02, 15:07:30.947, 5269937633043, vstest.console.dll, MetadataReaderExtensionsHelper: Discovering extensions inside assembly 'Microsoft.VisualStudio.TestPlatform.Extensions.Trx.TestLogger, Version=15.0.0.0, Culture=neutral, PublicKeyToken=b03f5f7f11d50a3a' file path 'C:\Program Files\dotnet\sdk\8.0.300\Extensions\Microsoft.VisualStudio.TestPlatform.Extensions.Trx.TestLogger.dll'
TpTrace Verbose: 0 : 10792, 1, 2024/12/02, 15:07:30.948, 5269937644293, vstest.console.dll, TestPluginCache: Discovered the extensions using extension path ''.
TpTrace Verbose: 0 : 10792, 1, 2024/12/02, 15:07:30.948, 5269937645390, vstest.console.dll, TestPluginCache: Discoverers are ''.
TpTrace Verbose: 0 : 10792, 1, 2024/12/02, 15:07:30.948, 5269937645676, vstest.console.dll, TestPluginCache: Executors are ''.
TpTrace Verbose: 0 : 10792, 1, 2024/12/02, 15:07:30.948, 5269937645927, vstest.console.dll, TestPluginCache: Executors2 are ''.
TpTrace Verbose: 0 : 10792, 1, 2024/12/02, 15:07:30.948, 5269937646168, vstest.console.dll, TestPluginCache: Setting providers are ''.
TpTrace Verbose: 0 : 10792, 1, 2024/12/02, 15:07:30.948, 5269937646407, vstest.console.dll, TestPluginCache: Loggers are ''.
TpTrace Verbose: 0 : 10792, 1, 2024/12/02, 15:07:30.949, 5269937648262, vstest.console.dll, TestPluginCache: TestHosts are 'HostProvider://DefaultTestHost,HostProvider://DotnetTestHost'.
TpTrace Verbose: 0 : 10792, 1, 2024/12/02, 15:07:30.949, 5269937648656, vstest.console.dll, TestPluginCache: DataCollectors are ''.
TpTrace Information: 0 : 10792, 1, 2024/12/02, 15:07:30.963, 5269937787793, vstest.console.dll, RunTestsArgumentProcessor:Execute: Test run is starting.
TpTrace Verbose: 0 : 10792, 1, 2024/12/02, 15:07:30.963, 5269937788989, vstest.console.dll, RunTestsArgumentProcessor:Execute: Queuing Test run.
TpTrace Information: 0 : 10792, 1, 2024/12/02, 15:07:30.963, 5269937791580, vstest.console.dll, TestRequestManager.RunTests: run tests started.
TpTrace Information: 0 : 10792, 1, 2024/12/02, 15:07:30.964, 5269937805638, vstest.console.dll, AssemblyMetadataProvider.GetFrameworkName: Determined framework:'.NETCoreApp,Version=v8.0' for source: 'C:\Users\User\Desktop\CleanArchitecture\Test\bin\Debug\net8.0\fine-code-coverage\build-output\Test.dll'
TpTrace Information: 0 : 10792, 1, 2024/12/02, 15:07:30.965, 5269937808044, vstest.console.dll, Determined framework for all sources: .NETCoreApp,Version=v8.0
TpTrace Verbose: 0 : 10792, 1, 2024/12/02, 15:07:30.965, 5269937812303, vstest.console.dll, TestRequestManager.UpdateRunSettingsIfRequired: Default architecture: X64 IsDefaultTargetArchitecture: True, Current process architecture: X64 OperatingSystem: Windows.
TpTrace Information: 0 : 10792, 1, 2024/12/02, 15:07:30.967, 5269937831527, vstest.console.dll, AssemblyMetadataProvider.GetArchitecture: Determined architecture:AnyCPU info for assembly: C:\Users\User\Desktop\CleanArchitecture\Test\bin\Debug\net8.0\fine-code-coverage\build-output\Test.dll
TpTrace Information: 0 : 10792, 1, 2024/12/02, 15:07:30.967, 5269937832484, vstest.console.dll, Determined platform for source 'C:\Users\User\Desktop\CleanArchitecture\Test\bin\Debug\net8.0\fine-code-coverage\build-output\Test.dll' was AnyCPU and it will use the default plaform X64.
TpTrace Information: 0 : 10792, 1, 2024/12/02, 15:07:30.967, 5269937832769, vstest.console.dll, None of the sources provided any runnable platform, using the default platform: X64
TpTrace Information: 0 : 10792, 1, 2024/12/02, 15:07:30.967, 5269937833991, vstest.console.dll, Platform was updated to 'X64'.
TpTrace Information: 0 : 10792, 1, 2024/12/02, 15:07:30.971, 5269937870725, vstest.console.dll, InferRunSettingsHelper.IsTestSettingsEnabled: Unable to navigate to RunSettings/MSTest. Current node: RunSettings
TpTrace Information: 0 : 10792, 1, 2024/12/02, 15:07:30.972, 5269937878924, vstest.console.dll, AssemblyResolver.OnResolve: Microsoft.VisualStudio.TestPlatform.Fakes: Resolving assembly.
TpTrace Information: 0 : 10792, 1, 2024/12/02, 15:07:30.972, 5269937880133, vstest.console.dll, AssemblyResolver.OnResolve: Microsoft.VisualStudio.TestPlatform.Fakes: Searching in: 'C:\Program Files\dotnet\sdk\8.0.300\Extensions'.
TpTrace Information: 0 : 10792, 1, 2024/12/02, 15:07:30.972, 5269937881331, vstest.console.dll, AssemblyResolver.OnResolve: Microsoft.VisualStudio.TestPlatform.Fakes: Assembly path does not exist: 'C:\Program Files\dotnet\sdk\8.0.300\Extensions\Microsoft.VisualStudio.TestPlatform.Fakes.dll', returning.
TpTrace Information: 0 : 10792, 1, 2024/12/02, 15:07:30.972, 5269937881909, vstest.console.dll, AssemblyResolver.OnResolve: Microsoft.VisualStudio.TestPlatform.Fakes: Assembly path does not exist: 'C:\Program Files\dotnet\sdk\8.0.300\Extensions\Microsoft.VisualStudio.TestPlatform.Fakes.exe', returning.
TpTrace Information: 0 : 10792, 1, 2024/12/02, 15:07:30.972, 5269937882213, vstest.console.dll, AssemblyResolver.OnResolve: Microsoft.VisualStudio.TestPlatform.Fakes: Searching in: 'C:\Program Files\dotnet\sdk\8.0.300'.
TpTrace Information: 0 : 10792, 1, 2024/12/02, 15:07:30.972, 5269937882904, vstest.console.dll, AssemblyResolver.OnResolve: Microsoft.VisualStudio.TestPlatform.Fakes: Assembly path does not exist: 'C:\Program Files\dotnet\sdk\8.0.300\Microsoft.VisualStudio.TestPlatform.Fakes.dll', returning.
TpTrace Information: 0 : 10792, 1, 2024/12/02, 15:07:30.972, 5269937883470, vstest.console.dll, AssemblyResolver.OnResolve: Microsoft.VisualStudio.TestPlatform.Fakes: Assembly path does not exist: 'C:\Program Files\dotnet\sdk\8.0.300\Microsoft.VisualStudio.TestPlatform.Fakes.exe', returning.
TpTrace Information: 0 : 10792, 1, 2024/12/02, 15:07:30.972, 5269937883769, vstest.console.dll, AssemblyResolver.OnResolve: Microsoft.VisualStudio.TestPlatform.Fakes: Failed to load assembly.
TpTrace Information: 0 : 10792, 1, 2024/12/02, 15:07:30.972, 5269937886914, vstest.console.dll, Failed to load assembly Microsoft.VisualStudio.TestPlatform.Fakes, Version=17.0.0.0, Culture=neutral. Reason:System.IO.FileNotFoundException: Could not load file or assembly 'Microsoft.VisualStudio.TestPlatform.Fakes, Version=17.0.0.0, Culture=neutral, PublicKeyToken=null'. Det går inte att hitta filen.
File name: 'Microsoft.VisualStudio.TestPlatform.Fakes, Version=17.0.0.0, Culture=neutral, PublicKeyToken=null'
   at System.Reflection.RuntimeAssembly.InternalLoad(AssemblyName assemblyName, StackCrawlMark& stackMark, AssemblyLoadContext assemblyLoadContext, RuntimeAssembly requestingAssembly, Boolean throwOnFileNotFound)
   at System.Reflection.Assembly.Load(AssemblyName assemblyRef)
   at Microsoft.VisualStudio.TestPlatform.Common.Utilities.FakesUtilities.LoadTestPlatformAssembly() in /_/src/Microsoft.TestPlatform.Common/Utilities/FakesUtilities.cs:line 272
TpTrace Verbose: 0 : 10792, 1, 2024/12/02, 15:07:30.977, 5269937927928, vstest.console.dll, TestPluginCache.DiscoverTestExtensions: finding test extensions in assemblies ends with: TestLogger.dll TPluginInfo: Microsoft.VisualStudio.TestPlatform.Common.ExtensionFramework.Utilities.TestLoggerPluginInformation TExtension: Microsoft.VisualStudio.TestPlatform.ObjectModel.Client.ITestLogger
TpTrace Verbose: 0 : 10792, 1, 2024/12/02, 15:07:30.977, 5269937930231, vstest.console.dll, TestPluginCache.GetExtensionPaths: Filtered extension paths: 
TpTrace Verbose: 0 : 10792, 1, 2024/12/02, 15:07:30.977, 5269937930581, vstest.console.dll, TestPluginCache.GetExtensionPaths: Added default extension paths: C:\Program Files\dotnet\sdk\8.0.300\Extensions\Microsoft.Diagnostics.NETCore.Client.dll
C:\Program Files\dotnet\sdk\8.0.300\Extensions\Microsoft.TestPlatform.Extensions.BlameDataCollector.dll
C:\Program Files\dotnet\sdk\8.0.300\Extensions\Microsoft.TestPlatform.Extensions.EventLogCollector.dll
C:\Program Files\dotnet\sdk\8.0.300\Extensions\Microsoft.TestPlatform.TestHostRuntimeProvider.dll
C:\Program Files\dotnet\sdk\8.0.300\Extensions\Microsoft.VisualStudio.TestPlatform.Extensions.Html.TestLogger.dll
C:\Program Files\dotnet\sdk\8.0.300\Extensions\Microsoft.VisualStudio.TestPlatform.Extensions.Trx.TestLogger.dll
TpTrace Verbose: 0 : 10792, 1, 2024/12/02, 15:07:30.977, 5269937930877, vstest.console.dll, TestPluginCache.GetExtensionPaths: Added unfilterableExtensionPaths: 
TpTrace Information: 0 : 10792, 1, 2024/12/02, 15:07:30.977, 5269937932523, vstest.console.dll, AssemblyResolver.AddSearchDirectories: Adding more searchDirectories C:\Program Files\dotnet\sdk\8.0.300\Extensions,C:\Program Files\dotnet\sdk\8.0.300
TpTrace Verbose: 0 : 10792, 1, 2024/12/02, 15:07:30.977, 5269937932980, vstest.console.dll, TestPluginCache.DiscoverTestExtensions: Discovering the extensions using extension path.
TpTrace Verbose: 0 : 10792, 1, 2024/12/02, 15:07:30.977, 5269937933360, vstest.console.dll, TestPluginCache.GetExtensionPaths: Filtered extension paths: 
TpTrace Verbose: 0 : 10792, 1, 2024/12/02, 15:07:30.977, 5269937933679, vstest.console.dll, TestPluginCache.GetExtensionPaths: Added default extension paths: C:\Program Files\dotnet\sdk\8.0.300\Extensions\Microsoft.Diagnostics.NETCore.Client.dll
C:\Program Files\dotnet\sdk\8.0.300\Extensions\Microsoft.TestPlatform.Extensions.BlameDataCollector.dll
C:\Program Files\dotnet\sdk\8.0.300\Extensions\Microsoft.TestPlatform.Extensions.EventLogCollector.dll
C:\Program Files\dotnet\sdk\8.0.300\Extensions\Microsoft.TestPlatform.TestHostRuntimeProvider.dll
C:\Program Files\dotnet\sdk\8.0.300\Extensions\Microsoft.VisualStudio.TestPlatform.Extensions.Html.TestLogger.dll
C:\Program Files\dotnet\sdk\8.0.300\Extensions\Microsoft.VisualStudio.TestPlatform.Extensions.Trx.TestLogger.dll
TpTrace Verbose: 0 : 10792, 1, 2024/12/02, 15:07:30.977, 5269937933960, vstest.console.dll, TestPluginCache.GetExtensionPaths: Added unfilterableExtensionPaths: 
TpTrace Verbose: 0 : 10792, 1, 2024/12/02, 15:07:30.977, 5269937934275, vstest.console.dll, TestPluginCache.DiscoverTestExtensions: Discovering the extensions using allExtensionPaths: C:\Program Files\dotnet\sdk\8.0.300\Extensions\Microsoft.Diagnostics.NETCore.Client.dll
C:\Program Files\dotnet\sdk\8.0.300\Extensions\Microsoft.TestPlatform.Extensions.BlameDataCollector.dll
C:\Program Files\dotnet\sdk\8.0.300\Extensions\Microsoft.TestPlatform.Extensions.EventLogCollector.dll
C:\Program Files\dotnet\sdk\8.0.300\Extensions\Microsoft.TestPlatform.TestHostRuntimeProvider.dll
C:\Program Files\dotnet\sdk\8.0.300\Extensions\Microsoft.VisualStudio.TestPlatform.Extensions.Html.TestLogger.dll
C:\Program Files\dotnet\sdk\8.0.300\Extensions\Microsoft.VisualStudio.TestPlatform.Extensions.Trx.TestLogger.dll
TpTrace Information: 0 : 10792, 1, 2024/12/02, 15:07:30.977, 5269937936035, vstest.console.dll, AssemblyResolver.AddSearchDirectories: Adding more searchDirectories C:\Program Files\dotnet\sdk\8.0.300\Extensions,C:\Program Files\dotnet\sdk\8.0.300
TpTrace Information: 0 : 10792, 1, 2024/12/02, 15:07:30.977, 5269937936463, vstest.console.dll, AssemblyResolver.AddSearchDirectories: Adding more searchDirectories C:\Program Files\dotnet\sdk\8.0.300\Extensions,C:\Program Files\dotnet\sdk\8.0.300
TpTrace Information: 0 : 10792, 1, 2024/12/02, 15:07:30.977, 5269937936764, vstest.console.dll, AssemblyResolver.AddSearchDirectories: Adding more searchDirectories C:\Program Files\dotnet\sdk\8.0.300\Extensions,C:\Program Files\dotnet\sdk\8.0.300
TpTrace Information: 0 : 10792, 1, 2024/12/02, 15:07:30.978, 5269937937045, vstest.console.dll, AssemblyResolver.AddSearchDirectories: Adding more searchDirectories C:\Program Files\dotnet\sdk\8.0.300\Extensions,C:\Program Files\dotnet\sdk\8.0.300
TpTrace Information: 0 : 10792, 1, 2024/12/02, 15:07:30.978, 5269937937324, vstest.console.dll, AssemblyResolver.AddSearchDirectories: Adding more searchDirectories C:\Program Files\dotnet\sdk\8.0.300\Extensions,C:\Program Files\dotnet\sdk\8.0.300
TpTrace Information: 0 : 10792, 1, 2024/12/02, 15:07:30.978, 5269937937645, vstest.console.dll, AssemblyResolver.AddSearchDirectories: Adding more searchDirectories C:\Program Files\dotnet\sdk\8.0.300\Extensions,C:\Program Files\dotnet\sdk\8.0.300
TpTrace Verbose: 0 : 10792, 1, 2024/12/02, 15:07:30.978, 5269937938917, vstest.console.dll, MetadataReaderExtensionsHelper: Discovering extensions inside assembly 'Microsoft.Diagnostics.NETCore.Client, Version=0.2.10.15101, Culture=neutral, PublicKeyToken=31bf3856ad364e35' file path 'C:\Program Files\dotnet\sdk\8.0.300\Extensions\Microsoft.Diagnostics.NETCore.Client.dll'
TpTrace Information: 0 : 10792, 1, 2024/12/02, 15:07:30.979, 5269937947259, vstest.console.dll, AssemblyResolver.OnResolve: Microsoft.Bcl.AsyncInterfaces: Resolving assembly.
TpTrace Information: 0 : 10792, 1, 2024/12/02, 15:07:30.979, 5269937947977, vstest.console.dll, AssemblyResolver.OnResolve: Microsoft.Bcl.AsyncInterfaces: Resolved from cache.
TpTrace Verbose: 0 : 10792, 1, 2024/12/02, 15:07:30.979, 5269937948372, vstest.console.dll, CurrentDomainAssemblyResolve: Resolving assembly 'Microsoft.Bcl.AsyncInterfaces'.
TpTrace Information: 0 : 10792, 1, 2024/12/02, 15:07:30.979, 5269937948908, vstest.console.dll, AssemblyResolver.OnResolve: Microsoft.Bcl.AsyncInterfaces: Resolving assembly.
TpTrace Information: 0 : 10792, 1, 2024/12/02, 15:07:30.979, 5269937949200, vstest.console.dll, AssemblyResolver.OnResolve: Microsoft.Bcl.AsyncInterfaces: Resolved from cache.
TpTrace Verbose: 0 : 10792, 1, 2024/12/02, 15:07:30.979, 5269937949482, vstest.console.dll, CurrentDomainAssemblyResolve: Resolving assembly 'Microsoft.Bcl.AsyncInterfaces'.
TpTrace Verbose: 0 : 10792, 1, 2024/12/02, 15:07:30.979, 5269937949757, vstest.console.dll, CurrentDomainAssemblyResolve: Failed to resolve assembly 'Microsoft.Bcl.AsyncInterfaces'.
TpTrace Verbose: 0 : 10792, 1, 2024/12/02, 15:07:30.979, 5269937951509, vstest.console.dll, CurrentDomainAssemblyResolve: Failed to resolve assembly 'Microsoft.Bcl.AsyncInterfaces'.
TpTrace Warning: 0 : 10792, 1, 2024/12/02, 15:07:30.979, 5269937955444, vstest.console.dll, TestPluginDiscoverer: Failed to get types from assembly 'Microsoft.Diagnostics.NETCore.Client, Version=0.2.10.15101, Culture=neutral, PublicKeyToken=31bf3856ad364e35'. Error: System.Reflection.ReflectionTypeLoadException: Unable to load one or more of the requested types.
Could not load file or assembly 'Microsoft.Bcl.AsyncInterfaces, Version=6.0.0.0, Culture=neutral, PublicKeyToken=cc7b13ffcd2ddd51'. Det går inte att hitta filen.
   at System.Reflection.RuntimeModule.GetTypes(RuntimeModule module)
   at System.Reflection.RuntimeModule.GetTypes()
   at Microsoft.VisualStudio.TestPlatform.Common.ExtensionFramework.TestPluginDiscoverer.GetTestExtensionsFromAssembly[TPluginInfo,TExtension](Assembly assembly, Dictionary`2 pluginInfos, String filePath) in /_/src/Microsoft.TestPlatform.Common/ExtensionFramework/TestPluginDiscoverer.cs:line 158
System.IO.FileNotFoundException: Could not load file or assembly 'Microsoft.Bcl.AsyncInterfaces, Version=6.0.0.0, Culture=neutral, PublicKeyToken=cc7b13ffcd2ddd51'. Det går inte att hitta filen.
File name: 'Microsoft.Bcl.AsyncInterfaces, Version=6.0.0.0, Culture=neutral, PublicKeyToken=cc7b13ffcd2ddd51'
 ---> System.IO.FileNotFoundException: Could not load file or assembly 'Microsoft.Bcl.AsyncInterfaces, Culture=neutral, PublicKeyToken=null'. Det går inte att hitta filen.
File name: 'Microsoft.Bcl.AsyncInterfaces, Culture=neutral, PublicKeyToken=null'
   at System.Reflection.RuntimeAssembly.InternalLoad(AssemblyName assemblyName, StackCrawlMark& stackMark, AssemblyLoadContext assemblyLoadContext, RuntimeAssembly requestingAssembly, Boolean throwOnFileNotFound)
   at System.Reflection.Assembly.Load(AssemblyName assemblyRef)
   at Microsoft.VisualStudio.TestPlatform.Common.ExtensionFramework.TestPluginCache.CurrentDomainAssemblyResolve(Object sender, AssemblyResolveEventArgs args) in /_/src/Microsoft.TestPlatform.Common/ExtensionFramework/TestPluginCache.cs:line 513
   at System.Runtime.Loader.AssemblyLoadContext.GetFirstResolvedAssemblyFromResolvingEvent(AssemblyName assemblyName)
   at System.Runtime.Loader.AssemblyLoadContext.ResolveUsingEvent(AssemblyName assemblyName)
   at System.Runtime.Loader.AssemblyLoadContext.ResolveUsingResolvingEvent(IntPtr gchManagedAssemblyLoadContext, AssemblyName assemblyName)
TpTrace Warning: 0 : 10792, 1, 2024/12/02, 15:07:30.980, 5269937957172, vstest.console.dll, LoaderExceptions: System.IO.FileNotFoundException: Could not load file or assembly 'Microsoft.Bcl.AsyncInterfaces, Version=6.0.0.0, Culture=neutral, PublicKeyToken=cc7b13ffcd2ddd51'. Det går inte att hitta filen.
File name: 'Microsoft.Bcl.AsyncInterfaces, Version=6.0.0.0, Culture=neutral, PublicKeyToken=cc7b13ffcd2ddd51'
 ---> System.IO.FileNotFoundException: Could not load file or assembly 'Microsoft.Bcl.AsyncInterfaces, Culture=neutral, PublicKeyToken=null'. Det går inte att hitta filen.
File name: 'Microsoft.Bcl.AsyncInterfaces, Culture=neutral, PublicKeyToken=null'
   at System.Reflection.RuntimeAssembly.InternalLoad(AssemblyName assemblyName, StackCrawlMark& stackMark, AssemblyLoadContext assemblyLoadContext, RuntimeAssembly requestingAssembly, Boolean throwOnFileNotFound)
   at System.Reflection.Assembly.Load(AssemblyName assemblyRef)
   at Microsoft.VisualStudio.TestPlatform.Common.ExtensionFramework.TestPluginCache.CurrentDomainAssemblyResolve(Object sender, AssemblyResolveEventArgs args) in /_/src/Microsoft.TestPlatform.Common/ExtensionFramework/TestPluginCache.cs:line 513
   at System.Runtime.Loader.AssemblyLoadContext.GetFirstResolvedAssemblyFromResolvingEvent(AssemblyName assemblyName)
   at System.Runtime.Loader.AssemblyLoadContext.ResolveUsingEvent(AssemblyName assemblyName)
   at System.Runtime.Loader.AssemblyLoadContext.ResolveUsingResolvingEvent(IntPtr gchManagedAssemblyLoadContext, AssemblyName assemblyName)
TpTrace Verbose: 0 : 10792, 1, 2024/12/02, 15:07:30.980, 5269937958182, vstest.console.dll, MetadataReaderExtensionsHelper: Discovering extensions inside assembly 'Microsoft.TestPlatform.Extensions.BlameDataCollector, Version=15.0.0.0, Culture=neutral, PublicKeyToken=b03f5f7f11d50a3a' file path 'C:\Program Files\dotnet\sdk\8.0.300\Extensions\Microsoft.TestPlatform.Extensions.BlameDataCollector.dll'
TpTrace Information: 0 : 10792, 1, 2024/12/02, 15:07:30.980, 5269937963399, vstest.console.dll, GetTestExtensionFromType: Register extension with identifier data 'logger://Microsoft/TestPlatform/Extensions/Blame/v1' and type 'Microsoft.TestPlatform.Extensions.BlameDataCollector.BlameLogger, Microsoft.TestPlatform.Extensions.BlameDataCollector, Version=15.0.0.0, Culture=neutral, PublicKeyToken=b03f5f7f11d50a3a' inside file 'C:\Program Files\dotnet\sdk\8.0.300\Extensions\Microsoft.TestPlatform.Extensions.BlameDataCollector.dll'
TpTrace Verbose: 0 : 10792, 1, 2024/12/02, 15:07:30.980, 5269937964163, vstest.console.dll, MetadataReaderExtensionsHelper: Discovering extensions inside assembly 'Microsoft.TestPlatform.Extensions.EventLogCollector, Version=15.0.0.0, Culture=neutral, PublicKeyToken=b03f5f7f11d50a3a' file path 'C:\Program Files\dotnet\sdk\8.0.300\Extensions\Microsoft.TestPlatform.Extensions.EventLogCollector.dll'
TpTrace Verbose: 0 : 10792, 1, 2024/12/02, 15:07:30.981, 5269937967027, vstest.console.dll, MetadataReaderExtensionsHelper: Discovering extensions inside assembly 'Microsoft.TestPlatform.TestHostRuntimeProvider, Version=15.0.0.0, Culture=neutral, PublicKeyToken=b03f5f7f11d50a3a' file path 'C:\Program Files\dotnet\sdk\8.0.300\Extensions\Microsoft.TestPlatform.TestHostRuntimeProvider.dll'
TpTrace Verbose: 0 : 10792, 1, 2024/12/02, 15:07:30.981, 5269937969852, vstest.console.dll, MetadataReaderExtensionsHelper: Discovering extensions inside assembly 'Microsoft.VisualStudio.TestPlatform.Extensions.Html.TestLogger, Version=15.0.0.0, Culture=neutral, PublicKeyToken=b03f5f7f11d50a3a' file path 'C:\Program Files\dotnet\sdk\8.0.300\Extensions\Microsoft.VisualStudio.TestPlatform.Extensions.Html.TestLogger.dll'
TpTrace Information: 0 : 10792, 1, 2024/12/02, 15:07:30.982, 5269937977771, vstest.console.dll, GetTestExtensionFromType: Register extension with identifier data 'logger://Microsoft/TestPlatform/HtmlLogger/v1' and type 'Microsoft.VisualStudio.TestPlatform.Extensions.HtmlLogger.HtmlLogger, Microsoft.VisualStudio.TestPlatform.Extensions.Html.TestLogger, Version=15.0.0.0, Culture=neutral, PublicKeyToken=b03f5f7f11d50a3a' inside file 'C:\Program Files\dotnet\sdk\8.0.300\Extensions\Microsoft.VisualStudio.TestPlatform.Extensions.Html.TestLogger.dll'
TpTrace Verbose: 0 : 10792, 1, 2024/12/02, 15:07:30.982, 5269937978830, vstest.console.dll, MetadataReaderExtensionsHelper: Discovering extensions inside assembly 'Microsoft.VisualStudio.TestPlatform.Extensions.Trx.TestLogger, Version=15.0.0.0, Culture=neutral, PublicKeyToken=b03f5f7f11d50a3a' file path 'C:\Program Files\dotnet\sdk\8.0.300\Extensions\Microsoft.VisualStudio.TestPlatform.Extensions.Trx.TestLogger.dll'
TpTrace Information: 0 : 10792, 1, 2024/12/02, 15:07:30.982, 5269937982829, vstest.console.dll, GetTestExtensionFromType: Register extension with identifier data 'logger://Microsoft/TestPlatform/TrxLogger/v1' and type 'Microsoft.VisualStudio.TestPlatform.Extensions.TrxLogger.TrxLogger, Microsoft.VisualStudio.TestPlatform.Extensions.Trx.TestLogger, Version=15.0.0.0, Culture=neutral, PublicKeyToken=b03f5f7f11d50a3a' inside file 'C:\Program Files\dotnet\sdk\8.0.300\Extensions\Microsoft.VisualStudio.TestPlatform.Extensions.Trx.TestLogger.dll'
TpTrace Verbose: 0 : 10792, 1, 2024/12/02, 15:07:30.982, 5269937983600, vstest.console.dll, TestPluginCache: Discovered the extensions using extension path ''.
TpTrace Verbose: 0 : 10792, 1, 2024/12/02, 15:07:30.982, 5269937983964, vstest.console.dll, TestPluginCache: Discoverers are ''.
TpTrace Verbose: 0 : 10792, 1, 2024/12/02, 15:07:30.982, 5269937984213, vstest.console.dll, TestPluginCache: Executors are ''.
TpTrace Verbose: 0 : 10792, 1, 2024/12/02, 15:07:30.982, 5269937984454, vstest.console.dll, TestPluginCache: Executors2 are ''.
TpTrace Verbose: 0 : 10792, 1, 2024/12/02, 15:07:30.982, 5269937984689, vstest.console.dll, TestPluginCache: Setting providers are ''.
TpTrace Verbose: 0 : 10792, 1, 2024/12/02, 15:07:30.982, 5269937985492, vstest.console.dll, TestPluginCache: Loggers are 'logger://Microsoft/TestPlatform/Extensions/Blame/v1,logger://Microsoft/TestPlatform/HtmlLogger/v1,logger://Microsoft/TestPlatform/TrxLogger/v1'.
TpTrace Verbose: 0 : 10792, 1, 2024/12/02, 15:07:30.982, 5269937985980, vstest.console.dll, TestPluginCache: TestHosts are 'HostProvider://DefaultTestHost,HostProvider://DotnetTestHost'.
TpTrace Verbose: 0 : 10792, 1, 2024/12/02, 15:07:30.982, 5269937986313, vstest.console.dll, TestPluginCache: DataCollectors are ''.
TpTrace Information: 0 : 10792, 1, 2024/12/02, 15:07:30.983, 5269937996246, vstest.console.dll, TestPluginManager.CreateTestExtension: Attempting to load test extension: Microsoft.TestPlatform.Extensions.BlameDataCollector.BlameLogger
TpTrace Verbose: 0 : 10792, 1, 2024/12/02, 15:07:30.991, 5269938072628, vstest.console.dll, TestEngine: Initializing Parallel Execution as MaxCpuCount is set to: 1
TpTrace Information: 0 : 10792, 1, 2024/12/02, 15:07:30.993, 5269938089027, vstest.console.dll, TestPluginManager.CreateTestExtension: Attempting to load test extension: Microsoft.VisualStudio.TestPlatform.CrossPlatEngine.Hosting.DefaultTestHostManager
TpTrace Information: 0 : 10792, 1, 2024/12/02, 15:07:30.994, 5269938097360, vstest.console.dll, TestPluginManager.CreateTestExtension: Attempting to load test extension: Microsoft.VisualStudio.TestPlatform.CrossPlatEngine.Hosting.DotnetTestHostManager
TpTrace Information: 0 : 10792, 1, 2024/12/02, 15:07:30.994, 5269938103756, vstest.console.dll, InferRunSettingsHelper.IsTestSettingsEnabled: Unable to navigate to RunSettings/MSTest. Current node: RunSettings
TpTrace Verbose: 0 : 10792, 1, 2024/12/02, 15:07:30.995, 5269938109542, vstest.console.dll, ParallelOperationManager.ClearSlots: Clearing all slots. Slots should accept more work: True
TpTrace Verbose: 0 : 10792, 1, 2024/12/02, 15:07:30.995, 5269938116147, vstest.console.dll, ParallelOperationManager.SetOccupiedSlotCount: Setting slot counts AvailableSlotCount = 1, OccupiedSlotCount = 0.
TpTrace Verbose: 0 : 10792, 1, 2024/12/02, 15:07:30.996, 5269938119454, vstest.console.dll, Occupied slots:

TpTrace Verbose: 0 : 10792, 1, 2024/12/02, 15:07:30.999, 5269938156075, vstest.console.dll, TestEngine.GetExecutionManager: Chosen execution manager 'Microsoft.VisualStudio.TestPlatform.CrossPlatEngine.Client.Parallel.ParallelProxyExecutionManager, Microsoft.TestPlatform.CrossPlatEngine, Version=15.0.0.0, Culture=neutral, PublicKeyToken=b03f5f7f11d50a3a' ParallelLevel '1'.
TpTrace Verbose: 0 : 10792, 1, 2024/12/02, 15:07:31.000, 5269938157848, vstest.console.dll, TestRunRequest.ExecuteAsync: Creating test run request.
TpTrace Verbose: 0 : 10792, 1, 2024/12/02, 15:07:31.000, 5269938160191, vstest.console.dll, TestRunRequest.ExecuteAsync: Starting.
TpTrace Information: 0 : 10792, 1, 2024/12/02, 15:07:31.001, 5269938173801, vstest.console.dll, TestRunRequest.ExecuteAsync: Starting run with settings:TestRunCriteria:
   KeepAlive=False,FrequencyOfRunStatsChangeEvent=10,RunStatsChangeEventTimeout=00:00:01.5000000,TestCaseFilter=,TestExecutorLauncher=
   Settingsxml=<RunSettings>
  <RunConfiguration>
    <ResultsDirectory>C:\Users\User\Desktop\CleanArchitecture\Test\bin\Debug\net8.0\fine-code-coverage\coverage-tool-output</ResultsDirectory>
    <TargetPlatform>X64</TargetPlatform>
    <TargetFrameworkVersion>.NETCoreApp,Version=v8.0</TargetFrameworkVersion>
    <DesignMode>False</DesignMode>
    <CollectSourceInformation>False</CollectSourceInformation>
  </RunConfiguration>
  <LoggerRunSettings>
    <Loggers>
      <Logger friendlyName="blame" enabled="True" />
      <Logger friendlyName="Console" uri="logger://microsoft/TestPlatform/ConsoleLogger/v1" assemblyQualifiedName="Microsoft.VisualStudio.TestPlatform.CommandLine.Internal.ConsoleLogger, vstest.console, Version=15.0.0.0, Culture=neutral, PublicKeyToken=b03f5f7f11d50a3a" codeBase="C:\Program Files\dotnet\sdk\8.0.300\vstest.console.dll" enabled="True" />
    </Loggers>
  </LoggerRunSettings>
  <DataCollectionRunSettings>
    <DataCollectors>
      <DataCollector friendlyName="blame" enabled="True">
        <Configuration>
          <ResultsDirectory>C:\Users\User\Desktop\CleanArchitecture\Test\bin\Debug\net8.0\fine-code-coverage\coverage-tool-output</ResultsDirectory>
        </Configuration>
      </DataCollector>
    </DataCollectors>
  </DataCollectionRunSettings>
</RunSettings>

TpTrace Verbose: 0 : 10792, 1, 2024/12/02, 15:07:31.001, 5269938174428, vstest.console.dll, TestRunRequest.ExecuteAsync: Wait for the first run request is over.
TpTrace Verbose: 0 : 10792, 1, 2024/12/02, 15:07:31.003, 5269938193767, vstest.console.dll, MulticastDelegateUtilities.SafeInvoke: TestRun.TestRunStart: Invoking callbacks was skipped because there are no subscribers.
TpTrace Verbose: 0 : 10792, 4, 2024/12/02, 15:07:31.004, 5269938197762, vstest.console.dll, MulticastDelegateUtilities.SafeInvoke: InternalTestLoggerEvents.SendTestRunStart: Invoking callback 1/1 for Microsoft.VisualStudio.TestPlatform.CommandLine.Internal.ConsoleLogger., took 0 ms.
TpTrace Verbose: 0 : 10792, 1, 2024/12/02, 15:07:31.005, 5269938207192, vstest.console.dll, ParallelProxyExecutionManager: Start execution. Total sources: 1
TpTrace Verbose: 0 : 10792, 1, 2024/12/02, 15:07:31.005, 5269938211235, vstest.console.dll, ParallelOperationManager.StartWork: Starting adding 1 workloads.
TpTrace Verbose: 0 : 10792, 1, 2024/12/02, 15:07:31.005, 5269938211965, vstest.console.dll, ParallelOperationManager.ClearSlots: Clearing all slots. Slots should accept more work: True
TpTrace Verbose: 0 : 10792, 1, 2024/12/02, 15:07:31.005, 5269938212694, vstest.console.dll, ParallelOperationManager.SetOccupiedSlotCount: Setting slot counts AvailableSlotCount = 1, OccupiedSlotCount = 0.
TpTrace Verbose: 0 : 10792, 1, 2024/12/02, 15:07:31.005, 5269938213063, vstest.console.dll, Occupied slots:

TpTrace Verbose: 0 : 10792, 1, 2024/12/02, 15:07:31.007, 5269938227312, vstest.console.dll, TestRequestSender is acting as server.
TpTrace Verbose: 0 : 10792, 1, 2024/12/02, 15:07:31.008, 5269938238367, vstest.console.dll, ParallelOperationManager.RunWorkInParallel: Adding 1 workload to slot, remaining workloads 0.
TpTrace Verbose: 0 : 10792, 1, 2024/12/02, 15:07:31.008, 5269938239152, vstest.console.dll, ParallelOperationManager.SetOccupiedSlotCount: Setting slot counts AvailableSlotCount = 0, OccupiedSlotCount = 1.
TpTrace Verbose: 0 : 10792, 1, 2024/12/02, 15:07:31.008, 5269938240329, vstest.console.dll, Occupied slots:
0: C:\Users\User\Desktop\CleanArchitecture\Test\bin\Debug\net8.0\fine-code-coverage\build-output\Test.dll
TpTrace Verbose: 0 : 10792, 1, 2024/12/02, 15:07:31.009, 5269938252021, vstest.console.dll, ParallelOperationManager.RunWorkInParallel: Started host in slot number 0 for work (source): C:\Users\User\Desktop\CleanArchitecture\Test\bin\Debug\net8.0\fine-code-coverage\build-output\Test.dll.
TpTrace Verbose: 0 : 10792, 1, 2024/12/02, 15:07:31.010, 5269938265270, vstest.console.dll, ParallelOperationManager.RunWorkInParallel: We started 1 work items, which is the max parallel level. Won't start more work.
TpTrace Verbose: 0 : 10792, 1, 2024/12/02, 15:07:31.010, 5269938265926, vstest.console.dll, ParallelOperationManager.RunWorkInParallel: We started 1 work items in here, returning True.
TpTrace Information: 0 : 10792, 1, 2024/12/02, 15:07:31.010, 5269938266301, vstest.console.dll, TestRunRequest.ExecuteAsync: Started.
TpTrace Verbose: 0 : 10792, 5, 2024/12/02, 15:07:31.011, 5269938268013, vstest.console.dll, ParallelProxyExecutionManager.StartTestRunOnConcurrentManager: Initializing uninitialized client. Started clients: 0
TpTrace Verbose: 0 : 10792, 5, 2024/12/02, 15:07:31.011, 5269938270857, vstest.console.dll, DataCollectionRequestSender.InitializeCommunication : Initialize communication. 
TpTrace Verbose: 0 : 10792, 1, 2024/12/02, 15:07:31.011, 5269938273207, vstest.console.dll, TestRunRequest.WaitForCompletion: Waiting with timeout -1.
TpTrace Information: 0 : 10792, 5, 2024/12/02, 15:07:31.020, 5269938362855, vstest.console.dll, Listening on Endpoint : 127.0.0.1:56844
TpTrace Verbose: 0 : 10792, 5, 2024/12/02, 15:07:31.026, 5269938425716, vstest.console.dll, DotnetDataCollectionLauncher: Adding  --runtimeconfig "C:\Program Files\dotnet\sdk\8.0.300\datacollector.runtimeconfig.json" in args
TpTrace Verbose: 0 : 10792, 5, 2024/12/02, 15:07:31.027, 5269938427345, vstest.console.dll, DotnetDataCollectionLauncher: Adding  --depsfile "C:\Program Files\dotnet\sdk\8.0.300\datacollector.deps.json" in args
TpTrace Verbose: 0 : 10792, 5, 2024/12/02, 15:07:31.027, 5269938429089, vstest.console.dll, DotnetDataCollectionLauncher: Full path of dotnet.exe is C:\Program Files\dotnet\dotnet.exe
TpTrace Information: 0 : 10792, 5, 2024/12/02, 15:07:31.043, 5269938587377, vstest.console.dll, ProxyDataCollectionManager.Initialize: Launched datacollector processId: 23684 port: 56844
TpTrace Information: 0 : 10792, 5, 2024/12/02, 15:07:31.043, 5269938588910, vstest.console.dll, ProxyDataCollectionManager.Initialize: waiting for connection with timeout: 90 seconds
TpTrace Verbose: 0 : 10792, 5, 2024/12/02, 15:07:31.043, 5269938589402, vstest.console.dll, DataCollectionRequestSender.WaitForRequestHandlerConnection : Waiting for connection with timeout: 90000
TpTrace Verbose: 0 : 10792, 5, 2024/12/02, 15:07:31.211, 5269940269825, vstest.console.dll, SocketCommunicationManager.WaitForClientConnection took: 167 ms, with 90000 ms timeout, and finished with True.
TpTrace Verbose: 0 : 10792, 5, 2024/12/02, 15:07:31.211, 5269940272087, vstest.console.dll, ProxyDataCollectionManager.InvokeDataCollectionServiceAction: Starting.
TpTrace Information: 0 : 10792, 5, 2024/12/02, 15:07:31.211, 5269940272825, vstest.console.dll, ProxyDataCollectionManager.BeforeTestRunStart: Get environment variable and port for datacollector processId: 23684 port: 56844
TpTrace Verbose: 0 : 10792, 5, 2024/12/02, 15:07:31.211, 5269940273817, vstest.console.dll, DataCollectionRequestSender.SendBeforeTestRunStartAndGetResult: Send BeforeTestRunStart message with settingsXml <RunSettings><RunConfiguration><ResultsDirectory>C:\Users\User\Desktop\CleanArchitecture\Test\bin\Debug\net8.0\fine-code-coverage\coverage-tool-output</ResultsDirectory><TargetPlatform>X64</TargetPlatform><TargetFrameworkVersion>.NETCoreApp,Version=v8.0</TargetFrameworkVersion><DesignMode>False</DesignMode><CollectSourceInformation>False</CollectSourceInformation><TestAdaptersPaths>C:\Program Files\dotnet\sdk\8.0.300\Extensions</TestAdaptersPaths></RunConfiguration><LoggerRunSettings><Loggers><Logger friendlyName="blame" enabled="True" /><Logger friendlyName="Console" uri="logger://microsoft/TestPlatform/ConsoleLogger/v1" assemblyQualifiedName="Microsoft.VisualStudio.TestPlatform.CommandLine.Internal.ConsoleLogger, vstest.console, Version=15.0.0.0, Culture=neutral, PublicKeyToken=b03f5f7f11d50a3a" codeBase="C:\Program Files\dotnet\sdk\8.0.300\vstest.console.dll" enabled="True" /></Loggers></LoggerRunSettings><DataCollectionRunSettings><DataCollectors><DataCollector friendlyName="blame" enabled="True"><Configuration><ResultsDirectory>C:\Users\User\Desktop\CleanArchitecture\Test\bin\Debug\net8.0\fine-code-coverage\coverage-tool-output</ResultsDirectory></Configuration></DataCollector></DataCollectors></DataCollectionRunSettings></RunSettings> and sources System.Collections.Generic.List`1[System.String]: 
TpTrace Information: 0 : 10792, 7, 2024/12/02, 15:07:31.211, 5269940276449, vstest.console.dll, Using the buffer size of 16384 bytes
TpTrace Information: 0 : 10792, 7, 2024/12/02, 15:07:31.212, 5269940277732, vstest.console.dll, Accepted Client request and set the flag
TpTrace Verbose: 0 : 10792, 5, 2024/12/02, 15:07:31.262, 5269940786601, vstest.console.dll, DataCollectionRequestSender.SendBeforeTestRunStartAndGetResult: Received message: (DataCollection.SendMessage) -> {"MessageType":"DataCollection.SendMessage","Payload":{"FriendlyName":null,"Uri":null,"TestCaseId":"00000000-0000-0000-0000-000000000000","Message":"Logging DataCollector Diagnostics in file: C:\\Users\\User\\Desktop\\CleanArchitecture\\Test\\bin\\Debug\\net8.0\\fine-code-coverage\\coverage-tool-output\\diagnostics.datacollector.24-12-02_15-07-31_02654_5.log","Level":0}}
TpTrace Verbose: 0 : 10792, 5, 2024/12/02, 15:07:31.347, 5269941631393, vstest.console.dll, DataCollectionRequestSender.SendBeforeTestRunStartAndGetResult: Received message: (DataCollection.BeforeTestRunStartResult) -> {"MessageType":"DataCollection.BeforeTestRunStartResult","Payload":{"EnvironmentVariables":{},"DataCollectionEventsPort":56846}}
TpTrace Information: 0 : 10792, 5, 2024/12/02, 15:07:31.352, 5269941681242, vstest.console.dll, ProxyDataCollectionManager.BeforeTestRunStart: SendBeforeTestRunStartAndGetResult successful, env variable from datacollector:   and testhost port: 56846
TpTrace Information: 0 : 10792, 5, 2024/12/02, 15:07:31.352, 5269941682613, vstest.console.dll, ProxyDataCollectionManager.InvokeDataCollectionServiceAction: Completed.
TpTrace Verbose: 0 : 10792, 5, 2024/12/02, 15:07:31.352, 5269941682978, vstest.console.dll, ParallelProxyExecutionManager.StartTestRunOnConcurrentManager: Initializing test run. Started clients: 0
TpTrace Verbose: 0 : 10792, 5, 2024/12/02, 15:07:31.352, 5269941683838, vstest.console.dll, ProxyExecutionManager: Test host is always Lazy initialize.
TpTrace Verbose: 0 : 10792, 5, 2024/12/02, 15:07:31.352, 5269941685877, vstest.console.dll, TestRequestSender.InitializeCommunication: initialize communication. 
TpTrace Information: 0 : 10792, 5, 2024/12/02, 15:07:31.353, 5269941690761, vstest.console.dll, SocketServer.Start: Listening on endpoint : 127.0.0.1:56847
TpTrace Verbose: 0 : 10792, 5, 2024/12/02, 15:07:31.354, 5269941698397, vstest.console.dll, DotnetTestHostmanager.GetTestHostProcessStartInfo: Platform environment 'X64' target architecture 'X64' framework '.NETCoreApp,Version=v8.0' OS 'Windows'
TpTrace Verbose: 0 : 10792, 5, 2024/12/02, 15:07:31.354, 5269941700959, vstest.console.dll, DotnetTestHostmanager: Adding  --runtimeconfig "C:\Users\User\Desktop\CleanArchitecture\Test\bin\Debug\net8.0\fine-code-coverage\build-output\Test.runtimeconfig.json" in args
TpTrace Verbose: 0 : 10792, 5, 2024/12/02, 15:07:31.354, 5269941702174, vstest.console.dll, DotnetTestHostmanager: Adding  --depsfile "C:\Users\User\Desktop\CleanArchitecture\Test\bin\Debug\net8.0\fine-code-coverage\build-output\Test.deps.json" in args
TpTrace Verbose: 0 : 10792, 5, 2024/12/02, 15:07:31.354, 5269941703947, vstest.console.dll, DotnetTestHostmanager.IsWinOnArm: Current PROCESSOR_ARCHITECTURE from environment variable 'AMD64'
TpTrace Verbose: 0 : 10792, 5, 2024/12/02, 15:07:31.354, 5269941704516, vstest.console.dll, DotnetTestHostmanager.IsWinOnArm: Is Windows on ARM 'False'
TpTrace Verbose: 0 : 10792, 5, 2024/12/02, 15:07:31.354, 5269941705421, vstest.console.dll, DotnetTestHostManager: testhost.exe found at path: C:\Users\User\Desktop\CleanArchitecture\Test\bin\Debug\net8.0\fine-code-coverage\build-output\testhost.exe
TpTrace Verbose: 0 : 10792, 5, 2024/12/02, 15:07:31.354, 5269941705803, vstest.console.dll, DotnetTestHostmanager: Full path of host exe is C:\Users\User\Desktop\CleanArchitecture\Test\bin\Debug\net8.0\fine-code-coverage\build-output\testhost.exe
TpTrace Verbose: 0 : 10792, 5, 2024/12/02, 15:07:31.354, 5269941706978, vstest.console.dll, DotnetTestHostmanager.LaunchTestHostAsync: Found 'VSTEST_WINAPPHOST_DOTNET_ROOT' in env variables, value 'C:\Program Files\dotnet', forwarding to 'DOTNET_ROOT'
TpTrace Verbose: 0 : 10792, 5, 2024/12/02, 15:07:31.355, 5269941708396, vstest.console.dll, DotnetTestHostManager: Starting process 'C:\Users\User\Desktop\CleanArchitecture\Test\bin\Debug\net8.0\fine-code-coverage\build-output\testhost.exe' with command line ' --runtimeconfig "C:\Users\User\Desktop\CleanArchitecture\Test\bin\Debug\net8.0\fine-code-coverage\build-output\Test.runtimeconfig.json" --depsfile "C:\Users\User\Desktop\CleanArchitecture\Test\bin\Debug\net8.0\fine-code-coverage\build-output\Test.deps.json" --port 56847 --endpoint 127.0.0.1:056847 --role client --parentprocessid 10792 --diag "C:\Users\User\Desktop\CleanArchitecture\Test\bin\Debug\net8.0\fine-code-coverage\coverage-tool-output\diagnostics.host.24-12-02_15-07-31_35372_5.log" --tracelevel 4 --datacollectionport 56846 --telemetryoptedin false'
TpTrace Verbose: 0 : 10792, 5, 2024/12/02, 15:07:31.369, 5269941849052, vstest.console.dll, MulticastDelegateUtilities.SafeInvoke: HostProviderEvents.OnHostLaunched: Invoking callback 1/2 for Microsoft.VisualStudio.TestPlatform.CrossPlatEngine.Client.ProxyExecutionManagerWithDataCollection., took 1 ms.
TpTrace Verbose: 0 : 10792, 5, 2024/12/02, 15:07:31.369, 5269941852130, vstest.console.dll, Test Runtime launched
TpTrace Verbose: 0 : 10792, 5, 2024/12/02, 15:07:31.369, 5269941853038, vstest.console.dll, MulticastDelegateUtilities.SafeInvoke: HostProviderEvents.OnHostLaunched: Invoking callback 2/2 for Microsoft.VisualStudio.TestPlatform.CrossPlatEngine.Client.ProxyOperationManager., took 0 ms.
TpTrace Verbose: 0 : 10792, 5, 2024/12/02, 15:07:31.369, 5269941854312, vstest.console.dll, TestRequestSender.WaitForRequestHandlerConnection: waiting for connection with timeout: 90000.
TpTrace Verbose: 0 : 10792, 5, 2024/12/02, 15:07:31.542, 5269943586702, vstest.console.dll, TestRequestSender.WaitForRequestHandlerConnection: waiting took 173 ms, with timeout 90000 ms, and result 0, which is success.
TpTrace Verbose: 0 : 10792, 5, 2024/12/02, 15:07:31.544, 5269943598465, vstest.console.dll, TestRequestSender.CheckVersionWithTestHost: Sending check version message: {"MessageType":"ProtocolVersion","Payload":7}
TpTrace Verbose: 0 : 10792, 7, 2024/12/02, 15:07:31.544, 5269943602371, vstest.console.dll, MulticastDelegateUtilities.SafeInvoke: SocketServer: ClientConnected: Invoking callback 1/1 for Microsoft.VisualStudio.TestPlatform.CommunicationUtilities.TestRequestSender., took 1 ms.
TpTrace Verbose: 0 : 10792, 7, 2024/12/02, 15:07:31.544, 5269943603108, vstest.console.dll, SocketServer.OnClientConnected: Client connected for endPoint: 127.0.0.1:56847, starting MessageLoopAsync:
TpTrace Verbose: 0 : 10792, 7, 2024/12/02, 15:07:31.545, 5269943607394, vstest.console.dll, TcpClientExtensions.MessageLoopAsync: Polling on remoteEndPoint: 127.0.0.1:56848 localEndPoint: 127.0.0.1:56847 after 0 ms
TpTrace Verbose: 0 : 10792, 7, 2024/12/02, 15:07:31.640, 5269944557753, vstest.console.dll, TcpClientExtensions.MessageLoopAsync: NotifyDataAvailable remoteEndPoint: 127.0.0.1:56848 localEndPoint: 127.0.0.1:56847
TpTrace Verbose: 0 : 10792, 7, 2024/12/02, 15:07:31.640, 5269944560288, vstest.console.dll, TestRequestSender.CheckVersionWithTestHost: onMessageReceived received message: (ProtocolVersion) -> {"MessageType":"ProtocolVersion","Payload":7}
TpTrace Verbose: 0 : 10792, 7, 2024/12/02, 15:07:31.640, 5269944564941, vstest.console.dll, MulticastDelegateUtilities.SafeInvoke: LengthPrefixCommunicationChannel: MessageReceived: Invoking callback 1/1 for Microsoft.VisualStudio.TestPlatform.CommunicationUtilities.TestRequestSender+<>c__DisplayClass29_0., took 0 ms.
TpTrace Verbose: 0 : 10792, 7, 2024/12/02, 15:07:31.640, 5269944565894, vstest.console.dll, TcpClientExtensions.MessageLoopAsync: Polling on remoteEndPoint: 127.0.0.1:56848 localEndPoint: 127.0.0.1:56847 after 95 ms
TpTrace Verbose: 0 : 10792, 5, 2024/12/02, 15:07:31.641, 5269944567480, vstest.console.dll, TestPluginCache.GetExtensionPaths: Filtered extension paths: 
TpTrace Verbose: 0 : 10792, 5, 2024/12/02, 15:07:31.641, 5269944567841, vstest.console.dll, TestPluginCache.GetExtensionPaths: Added default extension paths: C:\Program Files\dotnet\sdk\8.0.300\Extensions\Microsoft.Diagnostics.NETCore.Client.dll
C:\Program Files\dotnet\sdk\8.0.300\Extensions\Microsoft.TestPlatform.Extensions.BlameDataCollector.dll
C:\Program Files\dotnet\sdk\8.0.300\Extensions\Microsoft.TestPlatform.Extensions.EventLogCollector.dll
C:\Program Files\dotnet\sdk\8.0.300\Extensions\Microsoft.TestPlatform.TestHostRuntimeProvider.dll
C:\Program Files\dotnet\sdk\8.0.300\Extensions\Microsoft.VisualStudio.TestPlatform.Extensions.Html.TestLogger.dll
C:\Program Files\dotnet\sdk\8.0.300\Extensions\Microsoft.VisualStudio.TestPlatform.Extensions.Trx.TestLogger.dll
TpTrace Verbose: 0 : 10792, 5, 2024/12/02, 15:07:31.641, 5269944568086, vstest.console.dll, TestPluginCache.GetExtensionPaths: Added unfilterableExtensionPaths: 
TpTrace Verbose: 0 : 10792, 5, 2024/12/02, 15:07:31.643, 5269944595022, vstest.console.dll, TestRequestSender.InitializeExecution: Sending initialize execution with message: {"Version":7,"MessageType":"TestExecution.Initialize","Payload":["C:\\Users\\User\\Desktop\\CleanArchitecture\\Test\\bin\\Debug\\net8.0\\fine-code-coverage\\build-output\\NUnit3.TestAdapter.dll"]}
TpTrace Verbose: 0 : 10792, 5, 2024/12/02, 15:07:31.644, 5269944598395, vstest.console.dll, ParallelProxyExecutionManager.StartTestRunOnConcurrentManager: Execution starting. Started clients: 1
TpTrace Verbose: 0 : 10792, 5, 2024/12/02, 15:07:31.644, 5269944601255, vstest.console.dll, TestRunRequest:SendTestRunMessage: Starting.
TpTrace Verbose: 0 : 10792, 5, 2024/12/02, 15:07:31.644, 5269944602798, vstest.console.dll, MulticastDelegateUtilities.SafeInvoke: TestRun.LogMessages: Invoking callback 1/1 for Microsoft.VisualStudio.TestPlatform.CommandLine.TestRunResultAggregator., took 0 ms.
TpTrace Information: 0 : 10792, 5, 2024/12/02, 15:07:31.644, 5269944603110, vstest.console.dll, TestRunRequest:SendTestRunMessage: Completed.
TpTrace Warning: 0 : 10792, 5, 2024/12/02, 15:07:31.644, 5269944606480, vstest.console.dll, InferRunSettingsHelper.MakeRunsettingsCompatible: Removing the following settings: TargetPlatform from RunSettings file. To use those settings please move to latest version of Microsoft.NET.Test.Sdk
TpTrace Verbose: 0 : 10792, 4, 2024/12/02, 15:07:31.645, 5269944610655, vstest.console.dll, MulticastDelegateUtilities.SafeInvoke: InternalTestLoggerEvents.SendTestRunMessage: Invoking callback 1/1 for Microsoft.VisualStudio.TestPlatform.CommandLine.Internal.ConsoleLogger., took 0 ms.
TpTrace Verbose: 0 : 10792, 7, 2024/12/02, 15:07:31.646, 5269944617964, vstest.console.dll, TcpClientExtensions.MessageLoopAsync: NotifyDataAvailable remoteEndPoint: 127.0.0.1:56848 localEndPoint: 127.0.0.1:56847
TpTrace Verbose: 0 : 10792, 7, 2024/12/02, 15:07:31.646, 5269944621498, vstest.console.dll, TestRequestSender.OnExecutionMessageReceived: Received message: {"Version":7,"MessageType":"TestSession.Message","Payload":{"MessageLevel":0,"Message":"Logging TestHost Diagnostics in file: C:\\Users\\User\\Desktop\\CleanArchitecture\\Test\\bin\\Debug\\net8.0\\fine-code-coverage\\coverage-tool-output\\diagnostics.host.24-12-02_15-07-31_35372_5.log"}}
TpTrace Verbose: 0 : 10792, 7, 2024/12/02, 15:07:31.648, 5269944644078, vstest.console.dll, TestRunRequest:SendTestRunMessage: Starting.
TpTrace Verbose: 0 : 10792, 7, 2024/12/02, 15:07:31.648, 5269944645686, vstest.console.dll, MulticastDelegateUtilities.SafeInvoke: TestRun.LogMessages: Invoking callback 1/1 for Microsoft.VisualStudio.TestPlatform.CommandLine.TestRunResultAggregator., took 0 ms.
TpTrace Information: 0 : 10792, 7, 2024/12/02, 15:07:31.648, 5269944645975, vstest.console.dll, TestRunRequest:SendTestRunMessage: Completed.
TpTrace Verbose: 0 : 10792, 7, 2024/12/02, 15:07:31.648, 5269944646286, vstest.console.dll, MulticastDelegateUtilities.SafeInvoke: LengthPrefixCommunicationChannel: MessageReceived: Invoking callback 1/1 for Microsoft.VisualStudio.TestPlatform.CommunicationUtilities.TestRequestSender+<>c__DisplayClass34_0., took 2 ms.
TpTrace Verbose: 0 : 10792, 7, 2024/12/02, 15:07:31.648, 5269944646564, vstest.console.dll, TcpClientExtensions.MessageLoopAsync: Polling on remoteEndPoint: 127.0.0.1:56848 localEndPoint: 127.0.0.1:56847 after 8 ms
TpTrace Verbose: 0 : 10792, 4, 2024/12/02, 15:07:31.649, 5269944647240, vstest.console.dll, MulticastDelegateUtilities.SafeInvoke: InternalTestLoggerEvents.SendTestRunMessage: Invoking callback 1/1 for Microsoft.VisualStudio.TestPlatform.CommandLine.Internal.ConsoleLogger., took 0 ms.
TpTrace Verbose: 0 : 10792, 5, 2024/12/02, 15:07:31.650, 5269944663030, vstest.console.dll, TestRequestSender.StartTestRun: Sending test run with message: {"Version":7,"MessageType":"TestExecution.StartWithSources","Payload":{"AdapterSourceMap":{"_none_":["C:\\Users\\User\\Desktop\\CleanArchitecture\\Test\\bin\\Debug\\net8.0\\fine-code-coverage\\build-output\\Test.dll"]},"RunSettings":"<RunSettings>\r\n  <RunConfiguration>\r\n    <ResultsDirectory>C:\\Users\\User\\Desktop\\CleanArchitecture\\Test\\bin\\Debug\\net8.0\\fine-code-coverage\\coverage-tool-output</ResultsDirectory>\r\n    <TargetFrameworkVersion>.NETCoreApp,Version=v8.0</TargetFrameworkVersion>\r\n    <DesignMode>False</DesignMode>\r\n    <CollectSourceInformation>False</CollectSourceInformation>\r\n  </RunConfiguration>\r\n  <LoggerRunSettings>\r\n    <Loggers>\r\n      <Logger friendlyName=\"blame\" enabled=\"True\" />\r\n      <Logger friendlyName=\"Console\" uri=\"logger://microsoft/TestPlatform/ConsoleLogger/v1\" assemblyQualifiedName=\"Microsoft.VisualStudio.TestPlatform.CommandLine.Internal.ConsoleLogger, vstest.console, Version=15.0.0.0, Culture=neutral, PublicKeyToken=b03f5f7f11d50a3a\" codeBase=\"C:\\Program Files\\dotnet\\sdk\\8.0.300\\vstest.console.dll\" enabled=\"True\" />\r\n    </Loggers>\r\n  </LoggerRunSettings>\r\n  <DataCollectionRunSettings>\r\n    <DataCollectors>\r\n      <DataCollector friendlyName=\"blame\" enabled=\"True\">\r\n        <Configuration>\r\n          <ResultsDirectory>C:\\Users\\User\\Desktop\\CleanArchitecture\\Test\\bin\\Debug\\net8.0\\fine-code-coverage\\coverage-tool-output</ResultsDirectory>\r\n        </Configuration>\r\n      </DataCollector>\r\n    </DataCollectors>\r\n  </DataCollectionRunSettings>\r\n</RunSettings>","TestExecutionContext":{"FrequencyOfRunStatsChangeEvent":10,"RunStatsChangeEventTimeout":"00:00:01.5000000","InIsolation":false,"KeepAlive":false,"AreTestCaseLevelEventsRequired":false,"IsDebug":false,"TestCaseFilter":null,"FilterOptions":null},"Package":null}}
TpTrace Verbose: 0 : 10792, 5, 2024/12/02, 15:07:31.650, 5269944665838, vstest.console.dll, ParallelProxyExecutionManager.StartTestRunOnConcurrentManager: Execution started. Started clients: 1
TpTrace Verbose: 0 : 10792, 7, 2024/12/02, 15:07:31.794, 5269946105664, vstest.console.dll, TcpClientExtensions.MessageLoopAsync: NotifyDataAvailable remoteEndPoint: 127.0.0.1:56848 localEndPoint: 127.0.0.1:56847
TpTrace Verbose: 0 : 10792, 7, 2024/12/02, 15:07:31.795, 5269946107620, vstest.console.dll, TestRequestSender.OnExecutionMessageReceived: Received message: {"Version":7,"MessageType":"TestSession.Message","Payload":{"MessageLevel":0,"Message":"NUnit Adapter 4.5.0.0: Test execution started"}}
TpTrace Verbose: 0 : 10792, 7, 2024/12/02, 15:07:31.795, 5269946109437, vstest.console.dll, TestRunRequest:SendTestRunMessage: Starting.
TpTrace Verbose: 0 : 10792, 7, 2024/12/02, 15:07:31.795, 5269946110117, vstest.console.dll, MulticastDelegateUtilities.SafeInvoke: TestRun.LogMessages: Invoking callback 1/1 for Microsoft.VisualStudio.TestPlatform.CommandLine.TestRunResultAggregator., took 0 ms.
TpTrace Information: 0 : 10792, 7, 2024/12/02, 15:07:31.795, 5269946110364, vstest.console.dll, TestRunRequest:SendTestRunMessage: Completed.
TpTrace Verbose: 0 : 10792, 4, 2024/12/02, 15:07:31.795, 5269946110567, vstest.console.dll, MulticastDelegateUtilities.SafeInvoke: InternalTestLoggerEvents.SendTestRunMessage: Invoking callback 1/1 for Microsoft.VisualStudio.TestPlatform.CommandLine.Internal.ConsoleLogger., took 0 ms.
TpTrace Verbose: 0 : 10792, 7, 2024/12/02, 15:07:31.795, 5269946110711, vstest.console.dll, MulticastDelegateUtilities.SafeInvoke: LengthPrefixCommunicationChannel: MessageReceived: Invoking callback 1/1 for Microsoft.VisualStudio.TestPlatform.CommunicationUtilities.TestRequestSender+<>c__DisplayClass34_0., took 0 ms.
TpTrace Verbose: 0 : 10792, 7, 2024/12/02, 15:07:31.795, 5269946111881, vstest.console.dll, TcpClientExtensions.MessageLoopAsync: Polling on remoteEndPoint: 127.0.0.1:56848 localEndPoint: 127.0.0.1:56847 after 146 ms
TpTrace Verbose: 0 : 10792, 7, 2024/12/02, 15:07:31.813, 5269946292594, vstest.console.dll, TcpClientExtensions.MessageLoopAsync: NotifyDataAvailable remoteEndPoint: 127.0.0.1:56848 localEndPoint: 127.0.0.1:56847
TpTrace Verbose: 0 : 10792, 7, 2024/12/02, 15:07:31.813, 5269946294765, vstest.console.dll, TestRequestSender.OnExecutionMessageReceived: Received message: {"Version":7,"MessageType":"TestSession.Message","Payload":{"MessageLevel":0,"Message":"Running all tests in C:\\Users\\User\\Desktop\\CleanArchitecture\\Test\\bin\\Debug\\net8.0\\fine-code-coverage\\build-output\\Test.dll"}}
TpTrace Verbose: 0 : 10792, 7, 2024/12/02, 15:07:31.814, 5269946297287, vstest.console.dll, TestRunRequest:SendTestRunMessage: Starting.
TpTrace Verbose: 0 : 10792, 7, 2024/12/02, 15:07:31.814, 5269946298255, vstest.console.dll, MulticastDelegateUtilities.SafeInvoke: TestRun.LogMessages: Invoking callback 1/1 for Microsoft.VisualStudio.TestPlatform.CommandLine.TestRunResultAggregator., took 0 ms.
TpTrace Information: 0 : 10792, 7, 2024/12/02, 15:07:31.814, 5269946298731, vstest.console.dll, TestRunRequest:SendTestRunMessage: Completed.
TpTrace Verbose: 0 : 10792, 7, 2024/12/02, 15:07:31.814, 5269946299194, vstest.console.dll, MulticastDelegateUtilities.SafeInvoke: LengthPrefixCommunicationChannel: MessageReceived: Invoking callback 1/1 for Microsoft.VisualStudio.TestPlatform.CommunicationUtilities.TestRequestSender+<>c__DisplayClass34_0., took 0 ms.
TpTrace Verbose: 0 : 10792, 4, 2024/12/02, 15:07:31.814, 5269946299266, vstest.console.dll, MulticastDelegateUtilities.SafeInvoke: InternalTestLoggerEvents.SendTestRunMessage: Invoking callback 1/1 for Microsoft.VisualStudio.TestPlatform.CommandLine.Internal.ConsoleLogger., took 0 ms.
TpTrace Verbose: 0 : 10792, 7, 2024/12/02, 15:07:31.814, 5269946299741, vstest.console.dll, TcpClientExtensions.MessageLoopAsync: Polling on remoteEndPoint: 127.0.0.1:56848 localEndPoint: 127.0.0.1:56847 after 18 ms
TpTrace Verbose: 0 : 10792, 7, 2024/12/02, 15:07:32.660, 5269954760835, vstest.console.dll, TcpClientExtensions.MessageLoopAsync: NotifyDataAvailable remoteEndPoint: 127.0.0.1:56848 localEndPoint: 127.0.0.1:56847
TpTrace Verbose: 0 : 10792, 7, 2024/12/02, 15:07:32.660, 5269954763973, vstest.console.dll, TestRequestSender.OnExecutionMessageReceived: Received message: {"Version":7,"MessageType":"TestSession.Message","Payload":{"MessageLevel":0,"Message":"   NUnit3TestExecutor discovered 16 of 16 NUnit test cases using Current Discovery mode, Non-Explicit run"}}
TpTrace Verbose: 0 : 10792, 7, 2024/12/02, 15:07:32.661, 5269954767617, vstest.console.dll, TestRunRequest:SendTestRunMessage: Starting.
TpTrace Verbose: 0 : 10792, 7, 2024/12/02, 15:07:32.661, 5269954768744, vstest.console.dll, MulticastDelegateUtilities.SafeInvoke: TestRun.LogMessages: Invoking callback 1/1 for Microsoft.VisualStudio.TestPlatform.CommandLine.TestRunResultAggregator., took 0 ms.
TpTrace Information: 0 : 10792, 7, 2024/12/02, 15:07:32.661, 5269954768993, vstest.console.dll, TestRunRequest:SendTestRunMessage: Completed.
TpTrace Verbose: 0 : 10792, 7, 2024/12/02, 15:07:32.661, 5269954769207, vstest.console.dll, MulticastDelegateUtilities.SafeInvoke: LengthPrefixCommunicationChannel: MessageReceived: Invoking callback 1/1 for Microsoft.VisualStudio.TestPlatform.CommunicationUtilities.TestRequestSender+<>c__DisplayClass34_0., took 0 ms.
TpTrace Verbose: 0 : 10792, 4, 2024/12/02, 15:07:32.661, 5269954769349, vstest.console.dll, MulticastDelegateUtilities.SafeInvoke: InternalTestLoggerEvents.SendTestRunMessage: Invoking callback 1/1 for Microsoft.VisualStudio.TestPlatform.CommandLine.Internal.ConsoleLogger., took 0 ms.
TpTrace Verbose: 0 : 10792, 7, 2024/12/02, 15:07:32.661, 5269954769521, vstest.console.dll, TcpClientExtensions.MessageLoopAsync: Polling on remoteEndPoint: 127.0.0.1:56848 localEndPoint: 127.0.0.1:56847 after 846 ms
TpTrace Verbose: 0 : 10792, 7, 2024/12/02, 15:07:33.274, 5269960903834, vstest.console.dll, TcpClientExtensions.MessageLoopAsync: NotifyDataAvailable remoteEndPoint: 127.0.0.1:56848 localEndPoint: 127.0.0.1:56847
TpTrace Verbose: 0 : 10792, 7, 2024/12/02, 15:07:33.274, 5269960906285, vstest.console.dll, TestRequestSender.OnExecutionMessageReceived: Received message: {"Version":7,"MessageType":"TestExecution.StatsChange","Payload":{"NewTestResults":[],"TestRunStatistics":{"ExecutedTests":0,"Stats":{}},"ActiveTests":[{"Id":"fcc8453f-0e77-0cf9-8434-4deee5a4dbd3","FullyQualifiedName":"Test.AddAuthorCommandHandlerTests.HandleShouldAddAuthorToDatabase","DisplayName":"HandleShouldAddAuthorToDatabase","ExecutorUri":"executor://NUnit3TestExecutor","Source":"C:\\Users\\User\\Desktop\\CleanArchitecture\\Test\\bin\\Debug\\net8.0\\fine-code-coverage\\build-output\\Test.dll","CodeFilePath":null,"LineNumber":0,"Properties":[{"Key":{"Id":"NUnit.Seed","Label":"Seed","Category":"","Description":"","Attributes":0,"ValueType":"System.String"},"Value":"1944107699"}]}]}}
TpTrace Verbose: 0 : 10792, 7, 2024/12/02, 15:07:33.298, 5269961146731, vstest.console.dll, TestRunRequest:SendTestRunStatsChange: Starting.
TpTrace Verbose: 0 : 10792, 7, 2024/12/02, 15:07:33.299, 5269961149275, vstest.console.dll, InProgress is HandleShouldAddAuthorToDatabase
TpTrace Verbose: 0 : 10792, 7, 2024/12/02, 15:07:33.299, 5269961150614, vstest.console.dll, MulticastDelegateUtilities.SafeInvoke: TestRun.RunStatsChanged: Invoking callbacks was skipped because there are no subscribers.
TpTrace Information: 0 : 10792, 7, 2024/12/02, 15:07:33.299, 5269961150912, vstest.console.dll, TestRunRequest:SendTestRunStatsChange: Completed.
TpTrace Verbose: 0 : 10792, 7, 2024/12/02, 15:07:33.299, 5269961151350, vstest.console.dll, MulticastDelegateUtilities.SafeInvoke: LengthPrefixCommunicationChannel: MessageReceived: Invoking callback 1/1 for Microsoft.VisualStudio.TestPlatform.CommunicationUtilities.TestRequestSender+<>c__DisplayClass34_0., took 24 ms.
TpTrace Verbose: 0 : 10792, 7, 2024/12/02, 15:07:33.299, 5269961151872, vstest.console.dll, TcpClientExtensions.MessageLoopAsync: Polling on remoteEndPoint: 127.0.0.1:56848 localEndPoint: 127.0.0.1:56847 after 638 ms
TpTrace Verbose: 0 : 10792, 7, 2024/12/02, 15:07:33.566, 5269963823044, vstest.console.dll, TcpClientExtensions.MessageLoopAsync: NotifyDataAvailable remoteEndPoint: 127.0.0.1:56848 localEndPoint: 127.0.0.1:56847
TpTrace Verbose: 0 : 10792, 7, 2024/12/02, 15:07:33.566, 5269963825983, vstest.console.dll, TestRequestSender.OnExecutionMessageReceived: Received message: {"Version":7,"MessageType":"TestExecution.StatsChange","Payload":{"NewTestResults":[{"TestCase":{"Id":"fcc8453f-0e77-0cf9-8434-4deee5a4dbd3","FullyQualifiedName":"Test.AddAuthorCommandHandlerTests.HandleShouldAddAuthorToDatabase","DisplayName":"HandleShouldAddAuthorToDatabase","ExecutorUri":"executor://NUnit3TestExecutor","Source":"C:\\Users\\User\\Desktop\\CleanArchitecture\\Test\\bin\\Debug\\net8.0\\fine-code-coverage\\build-output\\Test.dll","CodeFilePath":null,"LineNumber":0,"Properties":[{"Key":{"Id":"NUnit.Seed","Label":"Seed","Category":"","Description":"","Attributes":0,"ValueType":"System.String"},"Value":"1944107699"}]},"Attachments":[],"Outcome":1,"ErrorMessage":null,"ErrorStackTrace":null,"DisplayName":"HandleShouldAddAuthorToDatabase","Messages":[],"ComputerName":"LAPTOP-MRU6OFEC","Duration":"00:00:00.8042450","StartTime":"2024-12-02T14:07:32.6828008+00:00","EndTime":"2024-12-02T14:07:33.486974+00:00","Properties":[{"Key":{"Id":"NUnit.Seed","Label":"Seed","Category":"","Description":"","Attributes":0,"ValueType":"System.String"},"Value":"1944107699"}]},{"TestCase":{"Id":"f05e4ab4-cf79-4b75-8ccc-f10c462bb17d","FullyQualifiedName":"Test.AddBookCommandHandlerTests.Handle_ShouldThrowKeyNotFoundException_WhenAuthorDoesNotExist","DisplayName":"Handle_ShouldThrowKeyNotFoundException_WhenAuthorDoesNotExist","ExecutorUri":"executor://NUnit3TestExecutor","Source":"C:\\Users\\User\\Desktop\\CleanArchitecture\\Test\\bin\\Debug\\net8.0\\fine-code-coverage\\build-output\\Test.dll","CodeFilePath":null,"LineNumber":0,"Properties":[{"Key":{"Id":"NUnit.Seed","Label":"Seed","Category":"","Description":"","Attributes":0,"ValueType":"System.String"},"Value":"2029081553"}]},"Attachments":[],"Outcome":1,"ErrorMessage":null,"ErrorStackTrace":null,"DisplayName":"Handle_ShouldThrowKeyNotFoundException_WhenAuthorDoesNotExist","Messages":[],"ComputerName":"LAPTOP-MRU6OFEC","Duration":"00:00:00.0092460","StartTime":"2024-12-02T14:07:33.4907836+00:00","EndTime":"2024-12-02T14:07:33.500029+00:00","Properties":[{"Key":{"Id":"NUnit.Seed","Label":"Seed","Category":"","Description":"","Attributes":0,"ValueType":"System.String"},"Value":"2029081553"}]},{"TestCase":{"Id":"d247390a-d80b-087d-ad6b-e14c19a08a6a","FullyQualifiedName":"Test.AddBookCommandHandlerTests.Handle_ShouldThrowKeyNotFoundException_WhenAuthorIdIsInvalid","DisplayName":"Handle_ShouldThrowKeyNotFoundException_WhenAuthorIdIsInvalid","ExecutorUri":"executor://NUnit3TestExecutor","Source":"C:\\Users\\User\\Desktop\\CleanArchitecture\\Test\\bin\\Debug\\net8.0\\fine-code-coverage\\build-output\\Test.dll","CodeFilePath":null,"LineNumber":0,"Properties":[{"Key":{"Id":"NUnit.Seed","Label":"Seed","Category":"","Description":"","Attributes":0,"ValueType":"System.String"},"Value":"1160099267"}]},"Attachments":[],"Outcome":1,"ErrorMessage":null,"ErrorStackTrace":null,"DisplayName":"Handle_ShouldThrowKeyNotFoundException_WhenAuthorIdIsInvalid","Messages":[],"ComputerName":"LAPTOP-MRU6OFEC","Duration":"00:00:00.0012200","StartTime":"2024-12-02T14:07:33.5000617+00:00","EndTime":"2024-12-02T14:07:33.5012808+00:00","Properties":[{"Key":{"Id":"NUnit.Seed","Label":"Seed","Category":"","Description":"","Attributes":0,"ValueType":"System.String"},"Value":"1160099267"}]},{"TestCase":{"Id":"10118722-a69b-2d26-04fe-d0c308492eac","FullyQualifiedName":"Test.AddBookCommandHandlerTests.HandleShouldAddBookToDatabase","DisplayName":"HandleShouldAddBookToDatabase","ExecutorUri":"executor://NUnit3TestExecutor","Source":"C:\\Users\\User\\Desktop\\CleanArchitecture\\Test\\bin\\Debug\\net8.0\\fine-code-coverage\\build-output\\Test.dll","CodeFilePath":null,"LineNumber":0,"Properties":[{"Key":{"Id":"NUnit.Seed","Label":"Seed","Category":"","Description":"","Attributes":0,"ValueType":"System.String"},"Value":"424440328"}]},"Attachments":[],"Outcome":1,"ErrorMessage":null,"ErrorStackTrace":null,"DisplayName":"HandleShouldAddBookToDatabase","Messages":[],"ComputerName":"LAPTOP-MRU6OFEC","Duration":"00:00:00.0093690","StartTime":"2024-12-02T14:07:33.5013016+00:00","EndTime":"2024-12-02T14:07:33.5106706+00:00","Properties":[{"Key":{"Id":"NUnit.Seed","Label":"Seed","Category":"","Description":"","Attributes":0,"ValueType":"System.String"},"Value":"424440328"}]},{"TestCase":{"Id":"a84ea053-4503-351f-c1df-dbc6aed93e07","FullyQualifiedName":"Test.DeleteAuthorCommandHandlerTests.HandleShouldDeleteAuthorFromDatabase","DisplayName":"HandleShouldDeleteAuthorFromDatabase","ExecutorUri":"executor://NUnit3TestExecutor","Source":"C:\\Users\\User\\Desktop\\CleanArchitecture\\Test\\bin\\Debug\\net8.0\\fine-code-coverage\\build-output\\Test.dll","CodeFilePath":null,"LineNumber":0,"Properties":[{"Key":{"Id":"NUnit.Seed","Label":"Seed","Category":"","Description":"","Attributes":0,"ValueType":"System.String"},"Value":"793228478"}]},"Attachments":[],"Outcome":1,"ErrorMessage":null,"ErrorStackTrace":null,"DisplayName":"HandleShouldDeleteAuthorFromDatabase","Messages":[],"ComputerName":"LAPTOP-MRU6OFEC","Duration":"00:00:00.0034530","StartTime":"2024-12-02T14:07:33.5110883+00:00","EndTime":"2024-12-02T14:07:33.5145412+00:00","Properties":[{"Key":{"Id":"NUnit.Seed","Label":"Seed","Category":"","Description":"","Attributes":0,"ValueType":"System.String"},"Value":"793228478"}]},{"TestCase":{"Id":"699d7e71-9784-db9a-80d2-6495df67b811","FullyQualifiedName":"Test.DeleteBookCommandHandlerTests.Handle_ShouldDeleteBook_WhenBookExists","DisplayName":"Handle_ShouldDeleteBook_WhenBookExists","ExecutorUri":"executor://NUnit3TestExecutor","Source":"C:\\Users\\User\\Desktop\\CleanArchitecture\\Test\\bin\\Debug\\net8.0\\fine-code-coverage\\build-output\\Test.dll","CodeFilePath":null,"LineNumber":0,"Properties":[{"Key":{"Id":"NUnit.Seed","Label":"Seed","Category":"","Description":"","Attributes":0,"ValueType":"System.String"},"Value":"960332658"}]},"Attachments":[],"Outcome":1,"ErrorMessage":null,"ErrorStackTrace":null,"DisplayName":"Handle_ShouldDeleteBook_WhenBookExists","Messages":[],"ComputerName":"LAPTOP-MRU6OFEC","Duration":"00:00:00.0023420","StartTime":"2024-12-02T14:07:33.5147317+00:00","EndTime":"2024-12-02T14:07:33.5170735+00:00","Properties":[{"Key":{"Id":"NUnit.Seed","Label":"Seed","Category":"","Description":"","Attributes":0,"ValueType":"System.String"},"Value":"960332658"}]},{"TestCase":{"Id":"8e6fc8ad-d6a7-b1d9-cc24-1abb7ca87934","FullyQualifiedName":"Test.DeleteBookCommandHandlerTests.Handle_ShouldThrowKeyNotFoundException_WhenBookNotFound","DisplayName":"Handle_ShouldThrowKeyNotFoundException_WhenBookNotFound","ExecutorUri":"executor://NUnit3TestExecutor","Source":"C:\\Users\\User\\Desktop\\CleanArchitecture\\Test\\bin\\Debug\\net8.0\\fine-code-coverage\\build-output\\Test.dll","CodeFilePath":null,"LineNumber":0,"Properties":[{"Key":{"Id":"NUnit.Seed","Label":"Seed","Category":"","Description":"","Attributes":0,"ValueType":"System.String"},"Value":"2041431057"}]},"Attachments":[],"Outcome":1,"ErrorMessage":null,"ErrorStackTrace":null,"DisplayName":"Handle_ShouldThrowKeyNotFoundException_WhenBookNotFound","Messages":[],"ComputerName":"LAPTOP-MRU6OFEC","Duration":"00:00:00.0009560","StartTime":"2024-12-02T14:07:33.5171042+00:00","EndTime":"2024-12-02T14:07:33.5180602+00:00","Properties":[{"Key":{"Id":"NUnit.Seed","Label":"Seed","Category":"","Description":"","Attributes":0,"ValueType":"System.String"},"Value":"2041431057"}]},{"TestCase":{"Id":"d9c4a06d-ea13-11fe-5ea2-0c34dfc6a959","FullyQualifiedName":"Test.DeleteBookCommandHandlerTests.HandleShouldDeleteBookFromDatabase","DisplayName":"HandleShouldDeleteBookFromDatabase","ExecutorUri":"executor://NUnit3TestExecutor","Source":"C:\\Users\\User\\Desktop\\CleanArchitecture\\Test\\bin\\Debug\\net8.0\\fine-code-coverage\\build-output\\Test.dll","CodeFilePath":null,"LineNumber":0,"Properties":[{"Key":{"Id":"NUnit.Seed","Label":"Seed","Category":"","Description":"","Attributes":0,"ValueType":"System.String"},"Value":"582184975"}]},"Attachments":[],"Outcome":1,"ErrorMessage":null,"ErrorStackTrace":null,"DisplayName":"HandleShouldDeleteBookFromDatabase","Messages":[],"ComputerName":"LAPTOP-MRU6OFEC","Duration":"00:00:00.0009190","StartTime":"2024-12-02T14:07:33.5180896+00:00","EndTime":"2024-12-02T14:07:33.5190082+00:00","Properties":[{"Key":{"Id":"NUnit.Seed","Label":"Seed","Category":"","Description":"","Attributes":0,"ValueType":"System.String"},"Value":"582184975"}]},{"TestCase":{"Id":"9b55cefc-6bc0-9e8b-f56d-9c08989a6a9e","FullyQualifiedName":"Test.GetAuthorsQueryHandlerTests.HandleShouldReturnAllAuthors","DisplayName":"HandleShouldReturnAllAuthors","ExecutorUri":"executor://NUnit3TestExecutor","Source":"C:\\Users\\User\\Desktop\\CleanArchitecture\\Test\\bin\\Debug\\net8.0\\fine-code-coverage\\build-output\\Test.dll","CodeFilePath":null,"LineNumber":0,"Properties":[{"Key":{"Id":"NUnit.Seed","Label":"Seed","Category":"","Description":"","Attributes":0,"ValueType":"System.String"},"Value":"1696625050"}]},"Attachments":[],"Outcome":1,"ErrorMessage":null,"ErrorStackTrace":null,"DisplayName":"HandleShouldReturnAllAuthors","Messages":[],"ComputerName":"LAPTOP-MRU6OFEC","Duration":"00:00:00.0017340","StartTime":"2024-12-02T14:07:33.5192359+00:00","EndTime":"2024-12-02T14:07:33.5209699+00:00","Properties":[{"Key":{"Id":"NUnit.Seed","Label":"Seed","Category":"","Description":"","Attributes":0,"ValueType":"System.String"},"Value":"1696625050"}]}],"TestRunStatistics":{"ExecutedTests":9,"Stats":{"Passed":9}},"ActiveTests":[{"Id":"45182e43-0bbb-9af3-1628-757eecfcb074","FullyQualifiedName":"Test.GetBooksQueryHandlerTests.Handle_ShouldReturnAllBooks_WhenBooksExist","DisplayName":"Handle_ShouldReturnAllBooks_WhenBooksExist","ExecutorUri":"executor://NUnit3TestExecutor","Source":"C:\\Users\\User\\Desktop\\CleanArchitecture\\Test\\bin\\Debug\\net8.0\\fine-code-coverage\\build-output\\Test.dll","CodeFilePath":null,"LineNumber":0,"Properties":[{"Key":{"Id":"NUnit.Seed","Label":"Seed","Category":"","Description":"","Attributes":0,"ValueType":"System.String"},"Value":"2104451228"}]}]}}
TpTrace Verbose: 0 : 10792, 7, 2024/12/02, 15:07:33.578, 5269963938029, vstest.console.dll, TestRunRequest:SendTestRunStatsChange: Starting.
TpTrace Verbose: 0 : 10792, 7, 2024/12/02, 15:07:33.578, 5269963939517, vstest.console.dll, InProgress is Handle_ShouldReturnAllBooks_WhenBooksExist
TpTrace Verbose: 0 : 10792, 7, 2024/12/02, 15:07:33.578, 5269963942496, vstest.console.dll, MulticastDelegateUtilities.SafeInvoke: TestRun.RunStatsChanged: Invoking callbacks was skipped because there are no subscribers.
TpTrace Information: 0 : 10792, 7, 2024/12/02, 15:07:33.578, 5269963942934, vstest.console.dll, TestRunRequest:SendTestRunStatsChange: Completed.
TpTrace Verbose: 0 : 10792, 7, 2024/12/02, 15:07:33.578, 5269963943222, vstest.console.dll, MulticastDelegateUtilities.SafeInvoke: LengthPrefixCommunicationChannel: MessageReceived: Invoking callback 1/1 for Microsoft.VisualStudio.TestPlatform.CommunicationUtilities.TestRequestSender+<>c__DisplayClass34_0., took 11 ms.
TpTrace Verbose: 0 : 10792, 7, 2024/12/02, 15:07:33.578, 5269963944316, vstest.console.dll, TcpClientExtensions.MessageLoopAsync: Polling on remoteEndPoint: 127.0.0.1:56848 localEndPoint: 127.0.0.1:56847 after 279 ms
TpTrace Verbose: 0 : 10792, 4, 2024/12/02, 15:07:33.581, 5269963968999, vstest.console.dll, MulticastDelegateUtilities.SafeInvoke: InternalTestLoggerEvents.SendTestResult: Invoking callback 1/1 for Microsoft.VisualStudio.TestPlatform.CommandLine.Internal.ConsoleLogger., took 2 ms.
TpTrace Verbose: 0 : 10792, 4, 2024/12/02, 15:07:33.581, 5269963973811, vstest.console.dll, MulticastDelegateUtilities.SafeInvoke: InternalTestLoggerEvents.SendTestResult: Invoking callback 1/1 for Microsoft.VisualStudio.TestPlatform.CommandLine.Internal.ConsoleLogger., took 0 ms.
TpTrace Verbose: 0 : 10792, 4, 2024/12/02, 15:07:33.581, 5269963974692, vstest.console.dll, MulticastDelegateUtilities.SafeInvoke: InternalTestLoggerEvents.SendTestResult: Invoking callback 1/1 for Microsoft.VisualStudio.TestPlatform.CommandLine.Internal.ConsoleLogger., took 0 ms.
TpTrace Verbose: 0 : 10792, 4, 2024/12/02, 15:07:33.581, 5269963975060, vstest.console.dll, MulticastDelegateUtilities.SafeInvoke: InternalTestLoggerEvents.SendTestResult: Invoking callback 1/1 for Microsoft.VisualStudio.TestPlatform.CommandLine.Internal.ConsoleLogger., took 0 ms.
TpTrace Verbose: 0 : 10792, 4, 2024/12/02, 15:07:33.581, 5269963975455, vstest.console.dll, MulticastDelegateUtilities.SafeInvoke: InternalTestLoggerEvents.SendTestResult: Invoking callback 1/1 for Microsoft.VisualStudio.TestPlatform.CommandLine.Internal.ConsoleLogger., took 0 ms.
TpTrace Verbose: 0 : 10792, 4, 2024/12/02, 15:07:33.581, 5269963976036, vstest.console.dll, MulticastDelegateUtilities.SafeInvoke: InternalTestLoggerEvents.SendTestResult: Invoking callback 1/1 for Microsoft.VisualStudio.TestPlatform.CommandLine.Internal.ConsoleLogger., took 0 ms.
TpTrace Verbose: 0 : 10792, 4, 2024/12/02, 15:07:33.581, 5269963976619, vstest.console.dll, MulticastDelegateUtilities.SafeInvoke: InternalTestLoggerEvents.SendTestResult: Invoking callback 1/1 for Microsoft.VisualStudio.TestPlatform.CommandLine.Internal.ConsoleLogger., took 0 ms.
TpTrace Verbose: 0 : 10792, 4, 2024/12/02, 15:07:33.582, 5269963976990, vstest.console.dll, MulticastDelegateUtilities.SafeInvoke: InternalTestLoggerEvents.SendTestResult: Invoking callback 1/1 for Microsoft.VisualStudio.TestPlatform.CommandLine.Internal.ConsoleLogger., took 0 ms.
TpTrace Verbose: 0 : 10792, 4, 2024/12/02, 15:07:33.582, 5269963977415, vstest.console.dll, MulticastDelegateUtilities.SafeInvoke: InternalTestLoggerEvents.SendTestResult: Invoking callback 1/1 for Microsoft.VisualStudio.TestPlatform.CommandLine.Internal.ConsoleLogger., took 0 ms.
TpTrace Verbose: 0 : 10792, 7, 2024/12/02, 15:07:33.603, 5269964188697, vstest.console.dll, TcpClientExtensions.MessageLoopAsync: NotifyDataAvailable remoteEndPoint: 127.0.0.1:56848 localEndPoint: 127.0.0.1:56847
TpTrace Verbose: 0 : 10792, 7, 2024/12/02, 15:07:33.603, 5269964190720, vstest.console.dll, TestRequestSender.OnExecutionMessageReceived: Received message: {"Version":7,"MessageType":"TestSession.Message","Payload":{"MessageLevel":0,"Message":"NUnit Adapter 4.5.0.0: Test execution complete"}}
TpTrace Verbose: 0 : 10792, 7, 2024/12/02, 15:07:33.603, 5269964192454, vstest.console.dll, TestRunRequest:SendTestRunMessage: Starting.
TpTrace Verbose: 0 : 10792, 7, 2024/12/02, 15:07:33.603, 5269964194370, vstest.console.dll, MulticastDelegateUtilities.SafeInvoke: TestRun.LogMessages: Invoking callback 1/1 for Microsoft.VisualStudio.TestPlatform.CommandLine.TestRunResultAggregator., took 0 ms.
TpTrace Information: 0 : 10792, 7, 2024/12/02, 15:07:33.603, 5269964194995, vstest.console.dll, TestRunRequest:SendTestRunMessage: Completed.
TpTrace Verbose: 0 : 10792, 4, 2024/12/02, 15:07:33.603, 5269964195266, vstest.console.dll, MulticastDelegateUtilities.SafeInvoke: InternalTestLoggerEvents.SendTestRunMessage: Invoking callback 1/1 for Microsoft.VisualStudio.TestPlatform.CommandLine.Internal.ConsoleLogger., took 0 ms.
TpTrace Verbose: 0 : 10792, 7, 2024/12/02, 15:07:33.603, 5269964195505, vstest.console.dll, MulticastDelegateUtilities.SafeInvoke: LengthPrefixCommunicationChannel: MessageReceived: Invoking callback 1/1 for Microsoft.VisualStudio.TestPlatform.CommunicationUtilities.TestRequestSender+<>c__DisplayClass34_0., took 0 ms.
TpTrace Verbose: 0 : 10792, 7, 2024/12/02, 15:07:33.604, 5269964197917, vstest.console.dll, TcpClientExtensions.MessageLoopAsync: Polling on remoteEndPoint: 127.0.0.1:56848 localEndPoint: 127.0.0.1:56847 after 25 ms
TpTrace Verbose: 0 : 10792, 7, 2024/12/02, 15:07:33.627, 5269964432354, vstest.console.dll, TcpClientExtensions.MessageLoopAsync: NotifyDataAvailable remoteEndPoint: 127.0.0.1:56848 localEndPoint: 127.0.0.1:56847
TpTrace Verbose: 0 : 10792, 7, 2024/12/02, 15:07:33.627, 5269964436367, vstest.console.dll, TestRequestSender.OnExecutionMessageReceived: Received message: {"Version":7,"MessageType":"TestExecution.Completed","Payload":{"TestRunCompleteArgs":{"TestRunStatistics":{"ExecutedTests":16,"Stats":{"Passed":16}},"IsCanceled":false,"IsAborted":false,"Error":null,"AttachmentSets":[],"InvokedDataCollectors":[],"ElapsedTimeInRunningTests":"00:00:01.8486416","Metrics":{},"DiscoveredExtensions":{"TestDiscoverers":["NUnit.VisualStudio.TestAdapter.NUnit3TestDiscoverer, NUnit3.TestAdapter, Version=4.5.0.0, Culture=neutral, PublicKeyToken=4cb40d35494691ac"],"TestExecutors":["executor://NUnit3TestExecutor"],"TestExecutors2":[],"TestSettingsProviders":[]}},"LastRunTests":{"NewTestResults":[{"TestCase":{"Id":"45182e43-0bbb-9af3-1628-757eecfcb074","FullyQualifiedName":"Test.GetBooksQueryHandlerTests.Handle_ShouldReturnAllBooks_WhenBooksExist","DisplayName":"Handle_ShouldReturnAllBooks_WhenBooksExist","ExecutorUri":"executor://NUnit3TestExecutor","Source":"C:\\Users\\User\\Desktop\\CleanArchitecture\\Test\\bin\\Debug\\net8.0\\fine-code-coverage\\build-output\\Test.dll","CodeFilePath":null,"LineNumber":0,"Properties":[{"Key":{"Id":"NUnit.Seed","Label":"Seed","Category":"","Description":"","Attributes":0,"ValueType":"System.String"},"Value":"2104451228"}]},"Attachments":[],"Outcome":1,"ErrorMessage":null,"ErrorStackTrace":null,"DisplayName":"Handle_ShouldReturnAllBooks_WhenBooksExist","Messages":[],"ComputerName":"LAPTOP-MRU6OFEC","Duration":"00:00:00.0019240","StartTime":"2024-12-02T14:07:33.5213587+00:00","EndTime":"2024-12-02T14:07:33.523282+00:00","Properties":[{"Key":{"Id":"NUnit.Seed","Label":"Seed","Category":"","Description":"","Attributes":0,"ValueType":"System.String"},"Value":"2104451228"}]},{"TestCase":{"Id":"9a924171-d446-2082-7996-bc8096356793","FullyQualifiedName":"Test.GetBooksQueryHandlerTests.HandleShouldReturnAllBooks","DisplayName":"HandleShouldReturnAllBooks","ExecutorUri":"executor://NUnit3TestExecutor","Source":"C:\\Users\\User\\Desktop\\CleanArchitecture\\Test\\bin\\Debug\\net8.0\\fine-code-coverage\\build-output\\Test.dll","CodeFilePath":null,"LineNumber":0,"Properties":[{"Key":{"Id":"NUnit.Seed","Label":"Seed","Category":"","Description":"","Attributes":0,"ValueType":"System.String"},"Value":"171814425"}]},"Attachments":[],"Outcome":1,"ErrorMessage":null,"ErrorStackTrace":null,"DisplayName":"HandleShouldReturnAllBooks","Messages":[],"ComputerName":"LAPTOP-MRU6OFEC","Duration":"00:00:00.0017420","StartTime":"2024-12-02T14:07:33.5233097+00:00","EndTime":"2024-12-02T14:07:33.525051+00:00","Properties":[{"Key":{"Id":"NUnit.Seed","Label":"Seed","Category":"","Description":"","Attributes":0,"ValueType":"System.String"},"Value":"171814425"}]},{"TestCase":{"Id":"4ec9448a-dc1d-f3f9-0fd8-579ff716a65d","FullyQualifiedName":"Test.UpdateAuthorCommandHandlerTests.HandleShouldUpdateAuthorInDatabase","DisplayName":"HandleShouldUpdateAuthorInDatabase","ExecutorUri":"executor://NUnit3TestExecutor","Source":"C:\\Users\\User\\Desktop\\CleanArchitecture\\Test\\bin\\Debug\\net8.0\\fine-code-coverage\\build-output\\Test.dll","CodeFilePath":null,"LineNumber":0,"Properties":[{"Key":{"Id":"NUnit.Seed","Label":"Seed","Category":"","Description":"","Attributes":0,"ValueType":"System.String"},"Value":"1458458820"}]},"Attachments":[],"Outcome":1,"ErrorMessage":null,"ErrorStackTrace":null,"DisplayName":"HandleShouldUpdateAuthorInDatabase","Messages":[],"ComputerName":"LAPTOP-MRU6OFEC","Duration":"00:00:00.0022590","StartTime":"2024-12-02T14:07:33.5252267+00:00","EndTime":"2024-12-02T14:07:33.5274851+00:00","Properties":[{"Key":{"Id":"NUnit.Seed","Label":"Seed","Category":"","Description":"","Attributes":0,"ValueType":"System.String"},"Value":"1458458820"}]},{"TestCase":{"Id":"181b1ac4-da47-91ea-f794-4ec392239d6f","FullyQualifiedName":"Test.UpdateBookCommandHandlerTests.Handle_ShouldThrowKeyNotFoundException_WhenAuthorNotFound","DisplayName":"Handle_ShouldThrowKeyNotFoundException_WhenAuthorNotFound","ExecutorUri":"executor://NUnit3TestExecutor","Source":"C:\\Users\\User\\Desktop\\CleanArchitecture\\Test\\bin\\Debug\\net8.0\\fine-code-coverage\\build-output\\Test.dll","CodeFilePath":null,"LineNumber":0,"Properties":[{"Key":{"Id":"NUnit.Seed","Label":"Seed","Category":"","Description":"","Attributes":0,"ValueType":"System.String"},"Value":"2113488288"}]},"Attachments":[],"Outcome":1,"ErrorMessage":null,"ErrorStackTrace":null,"DisplayName":"Handle_ShouldThrowKeyNotFoundException_WhenAuthorNotFound","Messages":[],"ComputerName":"LAPTOP-MRU6OFEC","Duration":"00:00:00.0027130","StartTime":"2024-12-02T14:07:33.5276558+00:00","EndTime":"2024-12-02T14:07:33.5303685+00:00","Properties":[{"Key":{"Id":"NUnit.Seed","Label":"Seed","Category":"","Description":"","Attributes":0,"ValueType":"System.String"},"Value":"2113488288"}]},{"TestCase":{"Id":"db1ff35c-407d-1b91-d0fd-3c714da2398a","FullyQualifiedName":"Test.UpdateBookCommandHandlerTests.Handle_ShouldThrowKeyNotFoundException_WhenBookNotFound","DisplayName":"Handle_ShouldThrowKeyNotFoundException_WhenBookNotFound","ExecutorUri":"executor://NUnit3TestExecutor","Source":"C:\\Users\\User\\Desktop\\CleanArchitecture\\Test\\bin\\Debug\\net8.0\\fine-code-coverage\\build-output\\Test.dll","CodeFilePath":null,"LineNumber":0,"Properties":[{"Key":{"Id":"NUnit.Seed","Label":"Seed","Category":"","Description":"","Attributes":0,"ValueType":"System.String"},"Value":"2112099429"}]},"Attachments":[],"Outcome":1,"ErrorMessage":null,"ErrorStackTrace":null,"DisplayName":"Handle_ShouldThrowKeyNotFoundException_WhenBookNotFound","Messages":[],"ComputerName":"LAPTOP-MRU6OFEC","Duration":"00:00:00.0008610","StartTime":"2024-12-02T14:07:33.5303962+00:00","EndTime":"2024-12-02T14:07:33.5312569+00:00","Properties":[{"Key":{"Id":"NUnit.Seed","Label":"Seed","Category":"","Description":"","Attributes":0,"ValueType":"System.String"},"Value":"2112099429"}]},{"TestCase":{"Id":"6e08b88d-29d7-9a90-6081-20279a6b3908","FullyQualifiedName":"Test.UpdateBookCommandHandlerTests.Handle_ShouldUpdateBook_WhenValidDataProvided","DisplayName":"Handle_ShouldUpdateBook_WhenValidDataProvided","ExecutorUri":"executor://NUnit3TestExecutor","Source":"C:\\Users\\User\\Desktop\\CleanArchitecture\\Test\\bin\\Debug\\net8.0\\fine-code-coverage\\build-output\\Test.dll","CodeFilePath":null,"LineNumber":0,"Properties":[{"Key":{"Id":"NUnit.Seed","Label":"Seed","Category":"","Description":"","Attributes":0,"ValueType":"System.String"},"Value":"1862386540"}]},"Attachments":[],"Outcome":1,"ErrorMessage":null,"ErrorStackTrace":null,"DisplayName":"Handle_ShouldUpdateBook_WhenValidDataProvided","Messages":[],"ComputerName":"LAPTOP-MRU6OFEC","Duration":"00:00:00.0010490","StartTime":"2024-12-02T14:07:33.5312795+00:00","EndTime":"2024-12-02T14:07:33.5323278+00:00","Properties":[{"Key":{"Id":"NUnit.Seed","Label":"Seed","Category":"","Description":"","Attributes":0,"ValueType":"System.String"},"Value":"1862386540"}]},{"TestCase":{"Id":"bd94f8b2-9e02-c32a-702b-27e6ac5750ed","FullyQualifiedName":"Test.UpdateBookCommandHandlerTests.HandleShouldUpdateBookInDatabase","DisplayName":"HandleShouldUpdateBookInDatabase","ExecutorUri":"executor://NUnit3TestExecutor","Source":"C:\\Users\\User\\Desktop\\CleanArchitecture\\Test\\bin\\Debug\\net8.0\\fine-code-coverage\\build-output\\Test.dll","CodeFilePath":null,"LineNumber":0,"Properties":[{"Key":{"Id":"NUnit.Seed","Label":"Seed","Category":"","Description":"","Attributes":0,"ValueType":"System.String"},"Value":"2124253602"}]},"Attachments":[],"Outcome":1,"ErrorMessage":null,"ErrorStackTrace":null,"DisplayName":"HandleShouldUpdateBookInDatabase","Messages":[],"ComputerName":"LAPTOP-MRU6OFEC","Duration":"00:00:00.0009810","StartTime":"2024-12-02T14:07:33.5323513+00:00","EndTime":"2024-12-02T14:07:33.5333319+00:00","Properties":[{"Key":{"Id":"NUnit.Seed","Label":"Seed","Category":"","Description":"","Attributes":0,"ValueType":"System.String"},"Value":"2124253602"}]}],"TestRunStatistics":{"ExecutedTests":16,"Stats":{"Passed":16}},"ActiveTests":[]},"RunAttachments":[],"ExecutorUris":["executor://nunit3testexecutor/"]}}
TpTrace Verbose: 0 : 10792, 7, 2024/12/02, 15:07:33.628, 5269964439676, vstest.console.dll, TestRequestSender.EndSession: Sending end session.
TpTrace Verbose: 0 : 10792, 7, 2024/12/02, 15:07:33.628, 5269964441382, vstest.console.dll, ProxyOperationManager.Close: waiting for test host to exit for 100 ms
TpTrace Verbose: 0 : 10792, 12, 2024/12/02, 15:07:33.644, 5269964606216, vstest.console.dll, TestHostManagerCallbacks.ctor: Experimental forwarding output is disabled.
TpTrace Warning: 0 : 10792, 12, 2024/12/02, 15:07:33.645, 5269964607432, vstest.console.dll, TestHostManagerCallbacks.ErrorReceivedCallback Test host standard error line: 
TpTrace Verbose: 0 : 10792, 12, 2024/12/02, 15:07:33.656, 5269964718942, vstest.console.dll, TestHostProvider.ExitCallBack: Host exited starting callback.
TpTrace Information: 0 : 10792, 12, 2024/12/02, 15:07:33.656, 5269964721247, vstest.console.dll, TestHostManagerCallbacks.ExitCallBack: Testhost processId: 19844 exited with exitcode: 0 error: ''
TpTrace Verbose: 0 : 10792, 12, 2024/12/02, 15:07:33.656, 5269964721971, vstest.console.dll, DotnetTestHostManager.OnHostExited: invoking OnHostExited callback
TpTrace Verbose: 0 : 10792, 12, 2024/12/02, 15:07:33.656, 5269964722761, vstest.console.dll, CrossPlatEngine.TestHostManagerHostExited: calling on client process exit callback.
TpTrace Information: 0 : 10792, 12, 2024/12/02, 15:07:33.656, 5269964723559, vstest.console.dll, TestRequestSender.OnClientProcessExit: Test host process exited. Standard error: 
TpTrace Information: 0 : 10792, 12, 2024/12/02, 15:07:33.656, 5269964724182, vstest.console.dll, SocketServer.Stop: Stop server endPoint: 127.0.0.1:56847
TpTrace Information: 0 : 10792, 7, 2024/12/02, 15:07:33.656, 5269964724228, vstest.console.dll, SocketServer.Stop: Stop server endPoint: 127.0.0.1:56847
TpTrace Information: 0 : 10792, 12, 2024/12/02, 15:07:33.656, 5269964724683, vstest.console.dll, SocketServer.Stop: Cancellation requested. Stopping message loop.
TpTrace Information: 0 : 10792, 7, 2024/12/02, 15:07:33.656, 5269964726818, vstest.console.dll, SocketServer.Stop: Cancellation requested. Stopping message loop.
TpTrace Information: 0 : 10792, 7, 2024/12/02, 15:07:33.657, 5269964728310, vstest.console.dll, Closing the connection
TpTrace Verbose: 0 : 10792, 12, 2024/12/02, 15:07:33.657, 5269964728246, vstest.console.dll, MulticastDelegateUtilities.SafeInvoke: HostProviderEvents.OnHostExited: Invoking callback 1/1 for Microsoft.VisualStudio.TestPlatform.CrossPlatEngine.Client.ProxyOperationManager., took 0 ms.
TpTrace Verbose: 0 : 10792, 7, 2024/12/02, 15:07:33.657, 5269964731645, vstest.console.dll, ProxyDataCollectionManager.InvokeDataCollectionServiceAction: Starting.
TpTrace Information: 0 : 10792, 7, 2024/12/02, 15:07:33.657, 5269964732183, vstest.console.dll, ProxyDataCollectionManager.AfterTestRunEnd: Get attachment set and invoked data collectors processId: 23684 port: 56844
TpTrace Verbose: 0 : 10792, 7, 2024/12/02, 15:07:33.657, 5269964732643, vstest.console.dll, DataCollectionRequestSender.SendAfterTestRunStartAndGetResult: Send AfterTestRunEnd message with isCancelled: False
TpTrace Verbose: 0 : 10792, 7, 2024/12/02, 15:07:33.665, 5269964808645, vstest.console.dll, DataCollectionRequestSender.SendAfterTestRunStartAndGetResult: Received message: (DataCollection.AfterTestRunEndResult) -> {"MessageType":"DataCollection.AfterTestRunEndResult","Payload":{"AttachmentSets":[],"InvokedDataCollectors":[{"Uri":"datacollector://Microsoft/TestPlatform/Extensions/Blame/v1","FriendlyName":"Blame","AssemblyQualifiedName":"Microsoft.TestPlatform.Extensions.BlameDataCollector.BlameCollector, Microsoft.TestPlatform.Extensions.BlameDataCollector, Version=15.0.0.0, Culture=neutral, PublicKeyToken=b03f5f7f11d50a3a","FilePath":"C:\\Program Files\\dotnet\\sdk\\8.0.300\\Extensions\\Microsoft.TestPlatform.Extensions.BlameDataCollector.dll","HasAttachmentProcessor":false}],"Metrics":{}}}
TpTrace Information: 0 : 10792, 7, 2024/12/02, 15:07:33.671, 5269964872893, vstest.console.dll, ProxyDataCollectionManager.InvokeDataCollectionServiceAction: Completed.
TpTrace Warning: 0 : 10792, 10, 2024/12/02, 15:07:33.672, 5269964878207, vstest.console.dll, DataCollectionLauncher.ErrorReceivedCallback datacollector standard error line: 
TpTrace Information: 0 : 10792, 10, 2024/12/02, 15:07:33.679, 5269964955240, vstest.console.dll, DataCollectionLauncher.ExitCallBack: Data collector exited with exitcode: 0 error: ''
TpTrace Verbose: 0 : 10792, 7, 2024/12/02, 15:07:33.715, 5269965315419, vstest.console.dll, TestRunRequest:SendTestRunStatsChange: Starting.
TpTrace Verbose: 0 : 10792, 7, 2024/12/02, 15:07:33.715, 5269965316963, vstest.console.dll, MulticastDelegateUtilities.SafeInvoke: TestRun.RunStatsChanged: Invoking callbacks was skipped because there are no subscribers.
TpTrace Information: 0 : 10792, 7, 2024/12/02, 15:07:33.716, 5269965317266, vstest.console.dll, TestRunRequest:SendTestRunStatsChange: Completed.
TpTrace Verbose: 0 : 10792, 4, 2024/12/02, 15:07:33.716, 5269965318608, vstest.console.dll, MulticastDelegateUtilities.SafeInvoke: InternalTestLoggerEvents.SendTestResult: Invoking callback 1/1 for Microsoft.VisualStudio.TestPlatform.CommandLine.Internal.ConsoleLogger., took 0 ms.
TpTrace Verbose: 0 : 10792, 4, 2024/12/02, 15:07:33.716, 5269965320157, vstest.console.dll, MulticastDelegateUtilities.SafeInvoke: InternalTestLoggerEvents.SendTestResult: Invoking callback 1/1 for Microsoft.VisualStudio.TestPlatform.CommandLine.Internal.ConsoleLogger., took 0 ms.
TpTrace Verbose: 0 : 10792, 7, 2024/12/02, 15:07:33.716, 5269965320798, vstest.console.dll, ParallelProxyExecutionManager: HandlePartialRunComplete: Total workloads = 1, Total started clients = 1 Total completed clients = 1, Run complete = True, Run canceled: False.
TpTrace Verbose: 0 : 10792, 4, 2024/12/02, 15:07:33.716, 5269965320904, vstest.console.dll, MulticastDelegateUtilities.SafeInvoke: InternalTestLoggerEvents.SendTestResult: Invoking callback 1/1 for Microsoft.VisualStudio.TestPlatform.CommandLine.Internal.ConsoleLogger., took 0 ms.
TpTrace Verbose: 0 : 10792, 4, 2024/12/02, 15:07:33.716, 5269965322158, vstest.console.dll, MulticastDelegateUtilities.SafeInvoke: InternalTestLoggerEvents.SendTestResult: Invoking callback 1/1 for Microsoft.VisualStudio.TestPlatform.CommandLine.Internal.ConsoleLogger., took 0 ms.
TpTrace Verbose: 0 : 10792, 4, 2024/12/02, 15:07:33.716, 5269965322811, vstest.console.dll, MulticastDelegateUtilities.SafeInvoke: InternalTestLoggerEvents.SendTestResult: Invoking callback 1/1 for Microsoft.VisualStudio.TestPlatform.CommandLine.Internal.ConsoleLogger., took 0 ms.
TpTrace Verbose: 0 : 10792, 4, 2024/12/02, 15:07:33.716, 5269965323477, vstest.console.dll, MulticastDelegateUtilities.SafeInvoke: InternalTestLoggerEvents.SendTestResult: Invoking callback 1/1 for Microsoft.VisualStudio.TestPlatform.CommandLine.Internal.ConsoleLogger., took 0 ms.
TpTrace Verbose: 0 : 10792, 7, 2024/12/02, 15:07:33.716, 5269965321285, vstest.console.dll, ParallelProxyExecutionManager: HandlePartialRunComplete: All runs completed stopping all managers.
TpTrace Verbose: 0 : 10792, 4, 2024/12/02, 15:07:33.716, 5269965324174, vstest.console.dll, MulticastDelegateUtilities.SafeInvoke: InternalTestLoggerEvents.SendTestResult: Invoking callback 1/1 for Microsoft.VisualStudio.TestPlatform.CommandLine.Internal.ConsoleLogger., took 0 ms.
TpTrace Verbose: 0 : 10792, 7, 2024/12/02, 15:07:33.716, 5269965325337, vstest.console.dll, ParallelOperationManager.StopAllManagers: Stopping all managers.
TpTrace Verbose: 0 : 10792, 7, 2024/12/02, 15:07:33.716, 5269965326447, vstest.console.dll, ParallelOperationManager.ClearSlots: Clearing all slots. Slots should accept more work: False
TpTrace Verbose: 0 : 10792, 7, 2024/12/02, 15:07:33.717, 5269965327279, vstest.console.dll, ParallelOperationManager.SetOccupiedSlotCount: Setting slot counts AvailableSlotCount = 1, OccupiedSlotCount = 0.
TpTrace Verbose: 0 : 10792, 7, 2024/12/02, 15:07:33.717, 5269965328156, vstest.console.dll, Occupied slots:

TpTrace Verbose: 0 : 10792, 4, 2024/12/02, 15:07:33.726, 5269965419014, vstest.console.dll, MulticastDelegateUtilities.SafeInvoke: InternalTestLoggerEvents.SendTestRunComplete: Invoking callback 1/2 for Microsoft.TestPlatform.Extensions.BlameDataCollector.BlameLogger., took 0 ms.
TpTrace Verbose: 0 : 10792, 4, 2024/12/02, 15:07:33.732, 5269965478789, vstest.console.dll, MulticastDelegateUtilities.SafeInvoke: InternalTestLoggerEvents.SendTestRunComplete: Invoking callback 2/2 for Microsoft.VisualStudio.TestPlatform.CommandLine.Internal.ConsoleLogger., took 5 ms.
TpTrace Verbose: 0 : 10792, 7, 2024/12/02, 15:07:33.732, 5269965482519, vstest.console.dll, TestRunRequest:TestRunComplete: Starting. IsAborted:False IsCanceled:False.
TpTrace Verbose: 0 : 10792, 7, 2024/12/02, 15:07:33.732, 5269965485610, vstest.console.dll, ParallelOperationManager.DoActionOnAllManagers: Calling an action on all managers.
TpTrace Verbose: 0 : 10792, 7, 2024/12/02, 15:07:33.734, 5269965501895, vstest.console.dll, TestLoggerManager.HandleTestRunComplete: Ignoring as the object is disposed.
TpTrace Verbose: 0 : 10792, 7, 2024/12/02, 15:07:33.734, 5269965504231, vstest.console.dll, MulticastDelegateUtilities.SafeInvoke: TestRun.TestRunComplete: Invoking callback 1/2 for Microsoft.VisualStudio.TestPlatform.CommandLine.TestRunResultAggregator., took 0 ms.
TpTrace Verbose: 0 : 10792, 7, 2024/12/02, 15:07:33.734, 5269965505366, vstest.console.dll, MulticastDelegateUtilities.SafeInvoke: TestRun.TestRunComplete: Invoking callback 2/2 for Microsoft.VisualStudio.TestPlatform.CommandLine.Processors.RunTestsArgumentExecutor+TestRunRequestEventsRegistrar., took 0 ms.
TpTrace Information: 0 : 10792, 7, 2024/12/02, 15:07:33.734, 5269965506295, vstest.console.dll, TestRunRequest:TestRunComplete: Completed.
TpTrace Verbose: 0 : 10792, 7, 2024/12/02, 15:07:33.734, 5269965506650, vstest.console.dll, TestRequestSender.SetOperationComplete: Setting operation complete.
TpTrace Verbose: 0 : 10792, 1, 2024/12/02, 15:07:33.734, 5269965506721, vstest.console.dll, TestRunRequest.Dispose: Starting.
TpTrace Information: 0 : 10792, 7, 2024/12/02, 15:07:33.735, 5269965507121, vstest.console.dll, SocketServer.Stop: Stop server endPoint: 127.0.0.1:56847
TpTrace Information: 0 : 10792, 1, 2024/12/02, 15:07:33.735, 5269965507762, vstest.console.dll, TestRunRequest.Dispose: Completed.
TpTrace Information: 0 : 10792, 7, 2024/12/02, 15:07:33.735, 5269965508154, vstest.console.dll, SocketServer.Stop: Cancellation requested. Stopping message loop.
TpTrace Information: 0 : 10792, 1, 2024/12/02, 15:07:33.735, 5269965508316, vstest.console.dll, TestRequestManager.RunTests: run tests completed.
TpTrace Verbose: 0 : 10792, 7, 2024/12/02, 15:07:33.735, 5269965508564, vstest.console.dll, MulticastDelegateUtilities.SafeInvoke: LengthPrefixCommunicationChannel: MessageReceived: Invoking callback 1/1 for Microsoft.VisualStudio.TestPlatform.CommunicationUtilities.TestRequestSender+<>c__DisplayClass34_0., took 107 ms.
TpTrace Information: 0 : 10792, 7, 2024/12/02, 15:07:33.735, 5269965509359, vstest.console.dll, SocketServer.PrivateStop: Stopping server endPoint: 127.0.0.1:56847 error: 
TpTrace Information: 0 : 10792, 1, 2024/12/02, 15:07:33.735, 5269965509400, vstest.console.dll, RunTestsArgumentProcessor:Execute: Test run is completed.
TpTrace Verbose: 0 : 10792, 1, 2024/12/02, 15:07:33.735, 5269965512521, vstest.console.dll, Executor.Execute: Exiting with exit code of 0
TpTrace Verbose: 0 : 10792, 7, 2024/12/02, 15:07:33.735, 5269965513952, vstest.console.dll, LengthPrefixCommunicationChannel.Dispose: Dispose reader and writer.
TpTrace Information: 0 : 10792, 7, 2024/12/02, 15:07:33.735, 5269965515622, vstest.console.dll, SocketServer.Stop: Raise disconnected event endPoint: 127.0.0.1:56847 error: 
TpTrace Verbose: 0 : 10792, 7, 2024/12/02, 15:07:33.735, 5269965516400, vstest.console.dll, TestRequestSender: OnTestRunAbort: Operation is already complete. Skip error message.
TpTrace Verbose: 0 : 10792, 7, 2024/12/02, 15:07:33.735, 5269965516761, vstest.console.dll, MulticastDelegateUtilities.SafeInvoke: SocketServer: ClientDisconnected: Invoking callback 1/1 for Microsoft.VisualStudio.TestPlatform.CommunicationUtilities.TestRequestSender., took 0 ms.
TpTrace Verbose: 0 : 10792, 7, 2024/12/02, 15:07:33.736, 5269965517174, vstest.console.dll, TcpClientExtensions.MessageLoopAsync: exiting MessageLoopAsync remoteEndPoint: 127.0.0.1:56848 localEndPoint: 127.0.0.1:56847
